..\..\src\multimedia" -I"..\..\..\src\multimedia\audio" -I"..\..\..\src\multimed
ia\video" -I"player" -I"camera" -I"\include" -I"c:\QtSDK\Desktop\Qt\4.7.3\msvc20
08\include\ActiveQt" -I"..\..\..\build\Debug\dsengined\moc" -I"c:\QtSDK\Desktop\
Qt\4.7.3\msvc2008\mkspecs\win32-msvc2010" -D_MSC_VER=1600 -DWIN32 camera\dscamer
aservice.h -o ..\..\..\build\Debug\dsengined\moc\moc_dscameraservice.cpp
        C:\QtSDK\Desktop\Qt\4.7.3\msvc2008\bin\moc.exe -DUNICODE -DWIN32 -DQT_LA
RGEFILE_SUPPORT -DQT_SHARED -DQTM_PLUGIN_PATH=\"C:/C3NT/cent/CENTSystem/SDK/plug
ins\" -DQMEDIA_DIRECTSHOW_PLAYER -DQMEDIA_DIRECTSHOW_CAMERA -D_CRT_SECURE_NO_WAR
NINGS -DQT_DLL -DQT_PLUGIN -DQT_OPENGL_LIB -DQT_GUI_LIB -DQT_NETWORK_LIB -DQT_CO
RE_LIB -DQT_HAVE_MMX -DQT_HAVE_3DNOW -DQT_HAVE_SSE -DQT_HAVE_MMXEXT -DQT_HAVE_SS
E2 -DQT_THREAD_SUPPORT -I"c:\QtSDK\Desktop\Qt\4.7.3\msvc2008\include\QtCore" -I"
c:\QtSDK\Desktop\Qt\4.7.3\msvc2008\include\QtNetwork" -I"c:\QtSDK\Desktop\Qt\4.7
.3\msvc2008\include\QtGui" -I"c:\QtSDK\Desktop\Qt\4.7.3\msvc2008\include\QtOpenG
L" -I"c:\QtSDK\Desktop\Qt\4.7.3\msvc2008\include" -I"..\..\..\src\global" -I"..\
..\..\src\multimedia" -I"..\..\..\src\multimedia\audio" -I"..\..\..\src\multimed
ia\video" -I"player" -I"camera" -I"\include" -I"c:\QtSDK\Desktop\Qt\4.7.3\msvc20
08\include\ActiveQt" -I"..\..\..\build\Debug\dsengined\moc" -I"c:\QtSDK\Desktop\
Qt\4.7.3\msvc2008\mkspecs\win32-msvc2010" -D_MSC_VER=1600 -DWIN32 camera\dscamer
acontrol.h -o ..\..\..\build\Debug\dsengined\moc\moc_dscameracontrol.cpp
        C:\QtSDK\Desktop\Qt\4.7.3\msvc2008\bin\moc.exe -DUNICODE -DWIN32 -DQT_LA
RGEFILE_SUPPORT -DQT_SHARED -DQTM_PLUGIN_PATH=\"C:/C3NT/cent/CENTSystem/SDK/plug
ins\" -DQMEDIA_DIRECTSHOW_PLAYER -DQMEDIA_DIRECTSHOW_CAMERA -D_CRT_SECURE_NO_WAR
NINGS -DQT_DLL -DQT_PLUGIN -DQT_OPENGL_LIB -DQT_GUI_LIB -DQT_NETWORK_LIB -DQT_CO
RE_LIB -DQT_HAVE_MMX -DQT_HAVE_3DNOW -DQT_HAVE_SSE -DQT_HAVE_MMXEXT -DQT_HAVE_SS
E2 -DQT_THREAD_SUPPORT -I"c:\QtSDK\Desktop\Qt\4.7.3\msvc2008\include\QtCore" -I"
c:\QtSDK\Desktop\Qt\4.7.3\msvc2008\include\QtNetwork" -I"c:\QtSDK\Desktop\Qt\4.7
.3\msvc2008\include\QtGui" -I"c:\QtSDK\Desktop\Qt\4.7.3\msvc2008\include\QtOpenG
L" -I"c:\QtSDK\Desktop\Qt\4.7.3\msvc2008\include" -I"..\..\..\src\global" -I"..\
..\..\src\multimedia" -I"..\..\..\src\multimedia\audio" -I"..\..\..\src\multimed
ia\video" -I"player" -I"camera" -I"\include" -I"c:\QtSDK\Desktop\Qt\4.7.3\msvc20
08\include\ActiveQt" -I"..\..\..\build\Debug\dsengined\moc" -I"c:\QtSDK\Desktop\
Qt\4.7.3\msvc2008\mkspecs\win32-msvc2010" -D_MSC_VER=1600 -DWIN32 camera\dsvideo
renderer.h -o ..\..\..\build\Debug\dsengined\moc\moc_dsvideorenderer.cpp
        C:\QtSDK\Desktop\Qt\4.7.3\msvc2008\bin\moc.exe -DUNICODE -DWIN32 -DQT_LA
RGEFILE_SUPPORT -DQT_SHARED -DQTM_PLUGIN_PATH=\"C:/C3NT/cent/CENTSystem/SDK/plug
ins\" -DQMEDIA_DIRECTSHOW_PLAYER -DQMEDIA_DIRECTSHOW_CAMERA -D_CRT_SECURE_NO_WAR
NINGS -DQT_DLL -DQT_PLUGIN -DQT_OPENGL_LIB -DQT_GUI_LIB -DQT_NETWORK_LIB -DQT_CO
RE_LIB -DQT_HAVE_MMX -DQT_HAVE_3DNOW -DQT_HAVE_SSE -DQT_HAVE_MMXEXT -DQT_HAVE_SS
E2 -DQT_THREAD_SUPPORT -I"c:\QtSDK\Desktop\Qt\4.7.3\msvc2008\include\QtCore" -I"
c:\QtSDK\Desktop\Qt\4.7.3\msvc2008\include\QtNetwork" -I"c:\QtSDK\Desktop\Qt\4.7
.3\msvc2008\include\QtGui" -I"c:\QtSDK\Desktop\Qt\4.7.3\msvc2008\include\QtOpenG
L" -I"c:\QtSDK\Desktop\Qt\4.7.3\msvc2008\include" -I"..\..\..\src\global" -I"..\
..\..\src\multimedia" -I"..\..\..\src\multimedia\audio" -I"..\..\..\src\multimed
ia\video" -I"player" -I"camera" -I"\include" -I"c:\QtSDK\Desktop\Qt\4.7.3\msvc20
08\include\ActiveQt" -I"..\..\..\build\Debug\dsengined\moc" -I"c:\QtSDK\Desktop\
Qt\4.7.3\msvc2008\mkspecs\win32-msvc2010" -D_MSC_VER=1600 -DWIN32 camera\dsvideo
devicecontrol.h -o ..\..\..\build\Debug\dsengined\moc\moc_dsvideodevicecontrol.c
pp
        C:\QtSDK\Desktop\Qt\4.7.3\msvc2008\bin\moc.exe -DUNICODE -DWIN32 -DQT_LA
RGEFILE_SUPPORT -DQT_SHARED -DQTM_PLUGIN_PATH=\"C:/C3NT/cent/CENTSystem/SDK/plug
ins\" -DQMEDIA_DIRECTSHOW_PLAYER -DQMEDIA_DIRECTSHOW_CAMERA -D_CRT_SECURE_NO_WAR
NINGS -DQT_DLL -DQT_PLUGIN -DQT_OPENGL_LIB -DQT_GUI_LIB -DQT_NETWORK_LIB -DQT_CO
RE_LIB -DQT_HAVE_MMX -DQT_HAVE_3DNOW -DQT_HAVE_SSE -DQT_HAVE_MMXEXT -DQT_HAVE_SS
E2 -DQT_THREAD_SUPPORT -I"c:\QtSDK\Desktop\Qt\4.7.3\msvc2008\include\QtCore" -I"
c:\QtSDK\Desktop\Qt\4.7.3\msvc2008\include\QtNetwork" -I"c:\QtSDK\Desktop\Qt\4.7
.3\msvc2008\include\QtGui" -I"c:\QtSDK\Desktop\Qt\4.7.3\msvc2008\include\QtOpenG
L" -I"c:\QtSDK\Desktop\Qt\4.7.3\msvc2008\include" -I"..\..\..\src\global" -I"..\
..\..\src\multimedia" -I"..\..\..\src\multimedia\audio" -I"..\..\..\src\multimed
ia\video" -I"player" -I"camera" -I"\include" -I"c:\QtSDK\Desktop\Qt\4.7.3\msvc20
08\include\ActiveQt" -I"..\..\..\build\Debug\dsengined\moc" -I"c:\QtSDK\Desktop\
Qt\4.7.3\msvc2008\mkspecs\win32-msvc2010" -D_MSC_VER=1600 -DWIN32 camera\dsimage
capturecontrol.h -o ..\..\..\build\Debug\dsengined\moc\moc_dsimagecapturecontrol
.cpp
        C:\QtSDK\Desktop\Qt\4.7.3\msvc2008\bin\moc.exe -DUNICODE -DWIN32 -DQT_LA
RGEFILE_SUPPORT -DQT_SHARED -DQTM_PLUGIN_PATH=\"C:/C3NT/cent/CENTSystem/SDK/plug
ins\" -DQMEDIA_DIRECTSHOW_PLAYER -DQMEDIA_DIRECTSHOW_CAMERA -D_CRT_SECURE_NO_WAR
NINGS -DQT_DLL -DQT_PLUGIN -DQT_OPENGL_LIB -DQT_GUI_LIB -DQT_NETWORK_LIB -DQT_CO
RE_LIB -DQT_HAVE_MMX -DQT_HAVE_3DNOW -DQT_HAVE_SSE -DQT_HAVE_MMXEXT -DQT_HAVE_SS
E2 -DQT_THREAD_SUPPORT -I"c:\QtSDK\Desktop\Qt\4.7.3\msvc2008\include\QtCore" -I"
c:\QtSDK\Desktop\Qt\4.7.3\msvc2008\include\QtNetwork" -I"c:\QtSDK\Desktop\Qt\4.7
.3\msvc2008\include\QtGui" -I"c:\QtSDK\Desktop\Qt\4.7.3\msvc2008\include\QtOpenG
L" -I"c:\QtSDK\Desktop\Qt\4.7.3\msvc2008\include" -I"..\..\..\src\global" -I"..\
..\..\src\multimedia" -I"..\..\..\src\multimedia\audio" -I"..\..\..\src\multimed
ia\video" -I"player" -I"camera" -I"\include" -I"c:\QtSDK\Desktop\Qt\4.7.3\msvc20
08\include\ActiveQt" -I"..\..\..\build\Debug\dsengined\moc" -I"c:\QtSDK\Desktop\
Qt\4.7.3\msvc2008\mkspecs\win32-msvc2010" -D_MSC_VER=1600 -DWIN32 camera\dscamer
asession.h -o ..\..\..\build\Debug\dsengined\moc\moc_dscamerasession.cpp
        C:\QtSDK\Desktop\Qt\4.7.3\msvc2008\bin\moc.exe -DUNICODE -DWIN32 -DQT_LA
RGEFILE_SUPPORT -DQT_SHARED -DQTM_PLUGIN_PATH=\"C:/C3NT/cent/CENTSystem/SDK/plug
ins\" -DQMEDIA_DIRECTSHOW_PLAYER -DQMEDIA_DIRECTSHOW_CAMERA -D_CRT_SECURE_NO_WAR
NINGS -DQT_DLL -DQT_PLUGIN -DQT_OPENGL_LIB -DQT_GUI_LIB -DQT_NETWORK_LIB -DQT_CO
RE_LIB -DQT_HAVE_MMX -DQT_HAVE_3DNOW -DQT_HAVE_SSE -DQT_HAVE_MMXEXT -DQT_HAVE_SS
E2 -DQT_THREAD_SUPPORT -I"c:\QtSDK\Desktop\Qt\4.7.3\msvc2008\include\QtCore" -I"
c:\QtSDK\Desktop\Qt\4.7.3\msvc2008\include\QtNetwork" -I"c:\QtSDK\Desktop\Qt\4.7
.3\msvc2008\include\QtGui" -I"c:\QtSDK\Desktop\Qt\4.7.3\msvc2008\include\QtOpenG
L" -I"c:\QtSDK\Desktop\Qt\4.7.3\msvc2008\include" -I"..\..\..\src\global" -I"..\
..\..\src\multimedia" -I"..\..\..\src\multimedia\audio" -I"..\..\..\src\multimed
ia\video" -I"player" -I"camera" -I"\include" -I"c:\QtSDK\Desktop\Qt\4.7.3\msvc20
08\include\ActiveQt" -I"..\..\..\build\Debug\dsengined\moc" -I"c:\QtSDK\Desktop\
Qt\4.7.3\msvc2008\mkspecs\win32-msvc2010" -D_MSC_VER=1600 -DWIN32 camera\dsvideo
widgetcontrol.h -o ..\..\..\build\Debug\dsengined\moc\moc_dsvideowidgetcontrol.c
pp
        cl -c -nologo -Zm200 -Zc:wchar_t- -Zi -MDd -GR -EHsc -W3 -w34100 -w34189
 -DUNICODE -DWIN32 -DQT_LARGEFILE_SUPPORT -DQT_SHARED -DQTM_PLUGIN_PATH=\"C:/C3N
T/cent/CENTSystem/SDK/plugins\" -DQMEDIA_DIRECTSHOW_PLAYER -DQMEDIA_DIRECTSHOW_C
AMERA -D_CRT_SECURE_NO_WARNINGS -DQT_DLL -DQT_PLUGIN -DQT_OPENGL_LIB -DQT_GUI_LI
B -DQT_NETWORK_LIB -DQT_CORE_LIB -DQT_HAVE_MMX -DQT_HAVE_3DNOW -DQT_HAVE_SSE -DQ
T_HAVE_MMXEXT -DQT_HAVE_SSE2 -DQT_THREAD_SUPPORT -I"c:\QtSDK\Desktop\Qt\4.7.3\ms
vc2008\include\QtCore" -I"c:\QtSDK\Desktop\Qt\4.7.3\msvc2008\include\QtNetwork"
-I"c:\QtSDK\Desktop\Qt\4.7.3\msvc2008\include\QtGui" -I"c:\QtSDK\Desktop\Qt\4.7.
3\msvc2008\include\QtOpenGL" -I"c:\QtSDK\Desktop\Qt\4.7.3\msvc2008\include" -I".
.\..\..\src\global" -I"..\..\..\src\multimedia" -I"..\..\..\src\multimedia\audio
" -I"..\..\..\src\multimedia\video" -I"player" -I"camera" -I"\include" -I"c:\QtS
DK\Desktop\Qt\4.7.3\msvc2008\include\ActiveQt" -I"..\..\..\build\Debug\dsengined
\moc" -I"c:\QtSDK\Desktop\Qt\4.7.3\msvc2008\mkspecs\win32-msvc2010" -Fo..\..\..\
build\Debug\dsengined\ @C:\Users\ADMIN_~3\AppData\Local\Temp\nm8E21.tmp
dsserviceplugin.cpp
        cl -c -nologo -Zm200 -Zc:wchar_t- -Zi -MDd -GR -EHsc -W3 -w34100 -w34189
 -DUNICODE -DWIN32 -DQT_LARGEFILE_SUPPORT -DQT_SHARED -DQTM_PLUGIN_PATH=\"C:/C3N
T/cent/CENTSystem/SDK/plugins\" -DQMEDIA_DIRECTSHOW_PLAYER -DQMEDIA_DIRECTSHOW_C
AMERA -D_CRT_SECURE_NO_WARNINGS -DQT_DLL -DQT_PLUGIN -DQT_OPENGL_LIB -DQT_GUI_LI
B -DQT_NETWORK_LIB -DQT_CORE_LIB -DQT_HAVE_MMX -DQT_HAVE_3DNOW -DQT_HAVE_SSE -DQ
T_HAVE_MMXEXT -DQT_HAVE_SSE2 -DQT_THREAD_SUPPORT -I"c:\QtSDK\Desktop\Qt\4.7.3\ms
vc2008\include\QtCore" -I"c:\QtSDK\Desktop\Qt\4.7.3\msvc2008\include\QtNetwork"
-I"c:\QtSDK\Desktop\Qt\4.7.3\msvc2008\include\QtGui" -I"c:\QtSDK\Desktop\Qt\4.7.
3\msvc2008\include\QtOpenGL" -I"c:\QtSDK\Desktop\Qt\4.7.3\msvc2008\include" -I".
.\..\..\src\global" -I"..\..\..\src\multimedia" -I"..\..\..\src\multimedia\audio
" -I"..\..\..\src\multimedia\video" -I"player" -I"camera" -I"\include" -I"c:\QtS
DK\Desktop\Qt\4.7.3\msvc2008\include\ActiveQt" -I"..\..\..\build\Debug\dsengined
\moc" -I"c:\QtSDK\Desktop\Qt\4.7.3\msvc2008\mkspecs\win32-msvc2010" -Fo..\..\..\
build\Debug\dsengined\ @C:\Users\ADMIN_~3\AppData\Local\Temp\nm9295.tmp
directshowaudioendpointcontrol.cpp
directshoweventloop.cpp
directshowioreader.cpp
directshowiosource.cpp
C:\Program Files (x86)\Microsoft Visual Studio 10.0\VC\INCLUDE\cstdio(48) : warn
ing C4995: 'gets': name was marked as #pragma deprecated
C:\Program Files (x86)\Microsoft Visual Studio 10.0\VC\INCLUDE\cstdio(52) : warn
ing C4995: 'sprintf': name was marked as #pragma deprecated
C:\Program Files (x86)\Microsoft Visual Studio 10.0\VC\INCLUDE\cstdio(55) : warn
ing C4995: 'vsprintf': name was marked as #pragma deprecated
C:\Program Files (x86)\Microsoft Visual Studio 10.0\VC\INCLUDE\cstring(21) : war
ning C4995: 'strcat': name was marked as #pragma deprecated
C:\Program Files (x86)\Microsoft Visual Studio 10.0\VC\INCLUDE\cstring(22) : war
ning C4995: 'strcpy': name was marked as #pragma deprecated
C:\Program Files (x86)\Microsoft Visual Studio 10.0\VC\INCLUDE\cwchar(30) : warn
ing C4995: 'swprintf': name was marked as #pragma deprecated
C:\Program Files (x86)\Microsoft Visual Studio 10.0\VC\INCLUDE\cwchar(31) : warn
ing C4995: 'vswprintf': name was marked as #pragma deprecated
C:\Program Files (x86)\Microsoft Visual Studio 10.0\VC\INCLUDE\cwchar(33) : warn
ing C4995: 'wcscat': name was marked as #pragma deprecated
C:\Program Files (x86)\Microsoft Visual Studio 10.0\VC\INCLUDE\cwchar(35) : warn
ing C4995: 'wcscpy': name was marked as #pragma deprecated
C:\Program Files (x86)\Microsoft Visual Studio 10.0\VC\INCLUDE\string(757) : war
ning C4995: 'swprintf': name was marked as #pragma deprecated
C:\Program Files (x86)\Microsoft Visual Studio 10.0\VC\INCLUDE\string(766) : war
ning C4995: 'swprintf': name was marked as #pragma deprecated
C:\Program Files (x86)\Microsoft Visual Studio 10.0\VC\INCLUDE\string(775) : war
ning C4995: 'swprintf': name was marked as #pragma deprecated
c:\QtSDK\Desktop\Qt\4.7.3\msvc2008\include\QtCore/qstring.h(187) : warning C4995
: 'vsprintf': name was marked as #pragma deprecated
c:\QtSDK\Desktop\Qt\4.7.3\msvc2008\include\QtCore/qstring.h(192) : warning C4995
: 'sprintf': name was marked as #pragma deprecated
C:\Program Files (x86)\Microsoft Visual Studio 10.0\VC\INCLUDE\intrin.h(1087) :
warning C4995: 'wcscat': name was marked as #pragma deprecated
C:\Program Files (x86)\Microsoft Visual Studio 10.0\VC\INCLUDE\intrin.h(1089) :
warning C4995: 'wcscpy': name was marked as #pragma deprecated
directshowmediatype.cpp
directshowmediatypelist.cpp
C:\Program Files (x86)\Microsoft Visual Studio 10.0\VC\INCLUDE\string(757) : war
ning C4995: 'swprintf': name was marked as #pragma deprecated
C:\Program Files (x86)\Microsoft Visual Studio 10.0\VC\INCLUDE\string(766) : war
ning C4995: 'swprintf': name was marked as #pragma deprecated
C:\Program Files (x86)\Microsoft Visual Studio 10.0\VC\INCLUDE\string(775) : war
ning C4995: 'swprintf': name was marked as #pragma deprecated
c:\QtSDK\Desktop\Qt\4.7.3\msvc2008\include\QtCore/qstring.h(187) : warning C4995
: 'vsprintf': name was marked as #pragma deprecated
c:\QtSDK\Desktop\Qt\4.7.3\msvc2008\include\QtCore/qstring.h(192) : warning C4995
: 'sprintf': name was marked as #pragma deprecated
directshowmetadatacontrol.cpp
C:\Program Files (x86)\Microsoft Visual Studio 10.0\VC\INCLUDE\cstdio(48) : warn
ing C4995: 'gets': name was marked as #pragma deprecated
C:\Program Files (x86)\Microsoft Visual Studio 10.0\VC\INCLUDE\cstdio(52) : warn
ing C4995: 'sprintf': name was marked as #pragma deprecated
C:\Program Files (x86)\Microsoft Visual Studio 10.0\VC\INCLUDE\cstdio(55) : warn
ing C4995: 'vsprintf': name was marked as #pragma deprecated
C:\Program Files (x86)\Microsoft Visual Studio 10.0\VC\INCLUDE\cstring(21) : war
ning C4995: 'strcat': name was marked as #pragma deprecated
C:\Program Files (x86)\Microsoft Visual Studio 10.0\VC\INCLUDE\cstring(22) : war
ning C4995: 'strcpy': name was marked as #pragma deprecated
C:\Program Files (x86)\Microsoft Visual Studio 10.0\VC\INCLUDE\cwchar(30) : warn
ing C4995: 'swprintf': name was marked as #pragma deprecated
C:\Program Files (x86)\Microsoft Visual Studio 10.0\VC\INCLUDE\cwchar(31) : warn
ing C4995: 'vswprintf': name was marked as #pragma deprecated
C:\Program Files (x86)\Microsoft Visual Studio 10.0\VC\INCLUDE\cwchar(33) : warn
ing C4995: 'wcscat': name was marked as #pragma deprecated
C:\Program Files (x86)\Microsoft Visual Studio 10.0\VC\INCLUDE\cwchar(35) : warn
ing C4995: 'wcscpy': name was marked as #pragma deprecated
C:\Program Files (x86)\Microsoft Visual Studio 10.0\VC\INCLUDE\string(757) : war
ning C4995: 'swprintf': name was marked as #pragma deprecated
C:\Program Files (x86)\Microsoft Visual Studio 10.0\VC\INCLUDE\string(766) : war
ning C4995: 'swprintf': name was marked as #pragma deprecated
C:\Program Files (x86)\Microsoft Visual Studio 10.0\VC\INCLUDE\string(775) : war
ning C4995: 'swprintf': name was marked as #pragma deprecated
c:\QtSDK\Desktop\Qt\4.7.3\msvc2008\include\QtCore/qstring.h(187) : warning C4995
: 'vsprintf': name was marked as #pragma deprecated
c:\QtSDK\Desktop\Qt\4.7.3\msvc2008\include\QtCore/qstring.h(192) : warning C4995
: 'sprintf': name was marked as #pragma deprecated
C:\Program Files (x86)\Microsoft Visual Studio 10.0\VC\INCLUDE\intrin.h(1087) :
warning C4995: 'wcscat': name was marked as #pragma deprecated
C:\Program Files (x86)\Microsoft Visual Studio 10.0\VC\INCLUDE\intrin.h(1089) :
warning C4995: 'wcscpy': name was marked as #pragma deprecated
directshowpinenum.cpp
directshowplayercontrol.cpp
directshowplayerservice.cpp
directshowsamplescheduler.cpp
directshowvideorenderercontrol.cpp
mediasamplevideobuffer.cpp
videosurfacefilter.cpp
C:\Program Files (x86)\Microsoft Visual Studio 10.0\VC\INCLUDE\cstdio(48) : warn
ing C4995: 'gets': name was marked as #pragma deprecated
C:\Program Files (x86)\Microsoft Visual Studio 10.0\VC\INCLUDE\cstdio(52) : warn
ing C4995: 'sprintf': name was marked as #pragma deprecated
C:\Program Files (x86)\Microsoft Visual Studio 10.0\VC\INCLUDE\cstdio(55) : warn
ing C4995: 'vsprintf': name was marked as #pragma deprecated
C:\Program Files (x86)\Microsoft Visual Studio 10.0\VC\INCLUDE\cstring(21) : war
ning C4995: 'strcat': name was marked as #pragma deprecated
C:\Program Files (x86)\Microsoft Visual Studio 10.0\VC\INCLUDE\cstring(22) : war
ning C4995: 'strcpy': name was marked as #pragma deprecated
C:\Program Files (x86)\Microsoft Visual Studio 10.0\VC\INCLUDE\cwchar(30) : warn
ing C4995: 'swprintf': name was marked as #pragma deprecated
C:\Program Files (x86)\Microsoft Visual Studio 10.0\VC\INCLUDE\cwchar(31) : warn
ing C4995: 'vswprintf': name was marked as #pragma deprecated
C:\Program Files (x86)\Microsoft Visual Studio 10.0\VC\INCLUDE\cwchar(33) : warn
ing C4995: 'wcscat': name was marked as #pragma deprecated
C:\Program Files (x86)\Microsoft Visual Studio 10.0\VC\INCLUDE\cwchar(35) : warn
ing C4995: 'wcscpy': name was marked as #pragma deprecated
C:\Program Files (x86)\Microsoft Visual Studio 10.0\VC\INCLUDE\intrin.h(1087) :
warning C4995: 'wcscat': name was marked as #pragma deprecated
C:\Program Files (x86)\Microsoft Visual Studio 10.0\VC\INCLUDE\intrin.h(1089) :
warning C4995: 'wcscpy': name was marked as #pragma deprecated
C:\Program Files (x86)\Microsoft Visual Studio 10.0\VC\INCLUDE\string(757) : war
ning C4995: 'swprintf': name was marked as #pragma deprecated
C:\Program Files (x86)\Microsoft Visual Studio 10.0\VC\INCLUDE\string(766) : war
ning C4995: 'swprintf': name was marked as #pragma deprecated
C:\Program Files (x86)\Microsoft Visual Studio 10.0\VC\INCLUDE\string(775) : war
ning C4995: 'swprintf': name was marked as #pragma deprecated
c:\QtSDK\Desktop\Qt\4.7.3\msvc2008\include\QtCore/qstring.h(187) : warning C4995
: 'vsprintf': name was marked as #pragma deprecated
c:\QtSDK\Desktop\Qt\4.7.3\msvc2008\include\QtCore/qstring.h(192) : warning C4995
: 'sprintf': name was marked as #pragma deprecated
vmr9videowindowcontrol.cpp
Generating Code...
        cl -c -nologo -Zm200 -Zc:wchar_t- -Zi -MDd -GR -EHsc -W3 -w34100 -w34189
 -DUNICODE -DWIN32 -DQT_LARGEFILE_SUPPORT -DQT_SHARED -DQTM_PLUGIN_PATH=\"C:/C3N
T/cent/CENTSystem/SDK/plugins\" -DQMEDIA_DIRECTSHOW_PLAYER -DQMEDIA_DIRECTSHOW_C
AMERA -D_CRT_SECURE_NO_WARNINGS -DQT_DLL -DQT_PLUGIN -DQT_OPENGL_LIB -DQT_GUI_LI
B -DQT_NETWORK_LIB -DQT_CORE_LIB -DQT_HAVE_MMX -DQT_HAVE_3DNOW -DQT_HAVE_SSE -DQ
T_HAVE_MMXEXT -DQT_HAVE_SSE2 -DQT_THREAD_SUPPORT -I"c:\QtSDK\Desktop\Qt\4.7.3\ms
vc2008\include\QtCore" -I"c:\QtSDK\Desktop\Qt\4.7.3\msvc2008\include\QtNetwork"
-I"c:\QtSDK\Desktop\Qt\4.7.3\msvc2008\include\QtGui" -I"c:\QtSDK\Desktop\Qt\4.7.
3\msvc2008\include\QtOpenGL" -I"c:\QtSDK\Desktop\Qt\4.7.3\msvc2008\include" -I".
.\..\..\src\global" -I"..\..\..\src\multimedia" -I"..\..\..\src\multimedia\audio
" -I"..\..\..\src\multimedia\video" -I"player" -I"camera" -I"\include" -I"c:\QtS
DK\Desktop\Qt\4.7.3\msvc2008\include\ActiveQt" -I"..\..\..\build\Debug\dsengined
\moc" -I"c:\QtSDK\Desktop\Qt\4.7.3\msvc2008\mkspecs\win32-msvc2010" -Fo..\..\..\
build\Debug\dsengined\ @C:\Users\ADMIN_~3\AppData\Local\Temp\nmC3B4.tmp
dscameraservice.cpp
c:\users\admin_cent\downloads\qt-mobility-opensource-src-1.2.0\plugins\multimedi
a\directshow\camera\dscamerasession.h(68) : fatal error C1083: Cannot open inclu
de file: 'qedit.h': No such file or directory
dscameracontrol.cpp
c:\users\admin_cent\downloads\qt-mobility-opensource-src-1.2.0\plugins\multimedi
a\directshow\camera\dscamerasession.h(68) : fatal error C1083: Cannot open inclu
de file: 'qedit.h': No such file or directory
dsvideorenderer.cpp
c:\users\admin_cent\downloads\qt-mobility-opensource-src-1.2.0\plugins\multimedi
a\directshow\camera\dscamerasession.h(68) : fatal error C1083: Cannot open inclu
de file: 'qedit.h': No such file or directory
dsvideodevicecontrol.cpp
c:\users\admin_cent\downloads\qt-mobility-opensource-src-1.2.0\plugins\multimedi
a\directshow\camera\dscamerasession.h(68) : fatal error C1083: Cannot open inclu
de file: 'qedit.h': No such file or directory
dsimagecapturecontrol.cpp
c:\users\admin_cent\downloads\qt-mobility-opensource-src-1.2.0\plugins\multimedi
a\directshow\camera\dscamerasession.h(68) : fatal error C1083: Cannot open inclu
de file: 'qedit.h': No such file or directory
dscamerasession.cpp
c:\users\admin_cent\downloads\qt-mobility-opensource-src-1.2.0\plugins\multimedi
a\directshow\camera\dscamerasession.h(68) : fatal error C1083: Cannot open inclu
de file: 'qedit.h': No such file or directory
dsvideowidgetcontrol.cpp
c:\users\admin_cent\downloads\qt-mobility-opensource-src-1.2.0\plugins\multimedi
a\directshow\camera\dscamerasession.h(68) : fatal error C1083: Cannot open inclu
de file: 'qedit.h': No such file or directory
Generating Code...
NMAKE : fatal error U1077: '"C:\Program Files (x86)\Microsoft Visual Studio 10.0
\VC\BIN\cl.EXE"' : return code '0x2'
Stop.
NMAKE : fatal error U1077: '"C:\Program Files (x86)\Microsoft Visual Studio 10.0
\VC\BIN\nmake.exe"' : return code '0x2'
Stop.
NMAKE : fatal error U1077: 'cd' : return code '0x2'
Stop.
NMAKE : fatal error U1077: 'cd' : return code '0x2'
Stop.
NMAKE : fatal error U1077: 'cd' : return code '0x2'
Stop.