C:\C3NT\cent\CENTSystem\build>light -ext WixUIExtension.dll output\obj\CentScena
rios4.wixobj output\obj\CentScenarios8.wixobj output\obj\CentGamesTutorials.wixo
bj output\obj\CENTInstaller.wixobj  output\obj\CentOVDirDlg.wixobj output\obj\Ce
ntWixUi_InstallDir.wixobj output\obj\CentBrowseDlg.wixobj output\obj\CentDataDir
Dlg.wixobj -o output\CENTInstaller"".msi
Windows Installer Xml Linker version 3.6.3303.0
Copyright (C) Outercurve Foundation. All rights reserved.

C:\C3NT\cent\CENTSystem\build\CENTInstaller.wxs(59) : warning LGHT1076 : ICE48:
Directory 'OVINSTALLDIR' appears to be hardcoded in the property table to a loca
l drive.
C:\C3NT\cent\CENTSystem\build\CENTInstaller.wxs(60) : warning LGHT1076 : ICE48:
Directory 'PATIENTSDATADIR' appears to be hardcoded in the property table to a l
ocal drive.
C:\C3NT\cent\CENTSystem\build\CENTInstaller.wxs(127) : warning LGHT1076 : ICE60:
 The file QtMultimediaKit1 is not a Font, and its version is not a companion fil
e reference. It should have a language specified in the Language column.
light.exe : warning LGHT1076 : ICE82: This action SystemFolder_x86_VC.DF495DFD_7
9F6_34DF_BB1E_E58DB5BDCF2C has duplicate sequence number 1 in the table InstallE
xecuteSequence
light.exe : warning LGHT1076 : ICE82: This action SystemFolder_x86_VC.DF495DFD_7
9F6_34DF_BB1E_E58DB5BDCF2C has duplicate sequence number 1 in the table InstallU
ISequence
light.exe : warning LGHT1076 : ICE82: This action SystemFolder_x86_VC.DF495DFD_7
9F6_34DF_BB1E_E58DB5BDCF2C has duplicate sequence number 3 in the table AdminExe
cuteSequence
light.exe : warning LGHT1076 : ICE82: This action SystemFolder_x86_VC.DF495DFD_7
9F6_34DF_BB1E_E58DB5BDCF2C has duplicate sequence number 3 in the table AdminUIS
equence
light.exe : warning LGHT1076 : ICE82: This action SystemFolder_x86_VC.DF495DFD_7
9F6_34DF_BB1E_E58DB5BDCF2C has duplicate sequence number 3 in the table AdvtExec
uteSequence

C:\C3NT\cent\CENTSystem\build>REM msiexec /I output\CENTInstaller.msi /l*v outpu
t\log.txt