This is pdfTeX, Version 3.1415926-2.3-1.40.12 (MiKTeX 2.9) (preloaded format=pdflatex 2012.9.5)  29 JAN 2013 17:14
entering extended mode
**C:/Users/admin_cent/Documents/Sphinx_Docs/build/LaTex/CENTSystem.tex
(C:/Users/admin_cent/Documents/Sphinx_Docs/build/LaTex/CENTSystem.tex
LaTeX2e <2011/06/27>
Babel <v3.8m> and hyphenation patterns for english, afrikaans, ancientgreek, ar
abic, armenian, assamese, basque, bengali, bokmal, bulgarian, catalan, coptic, 
croatian, czech, danish, dutch, esperanto, estonian, farsi, finnish, french, ga
lician, german, german-x-2009-06-19, greek, gujarati, hindi, hungarian, iceland
ic, indonesian, interlingua, irish, italian, kannada, kurmanji, lao, latin, lat
vian, lithuanian, malayalam, marathi, mongolian, mongolianlmc, monogreek, ngerm
an, ngerman-x-2009-06-19, nynorsk, oriya, panjabi, pinyin, polish, portuguese, 
romanian, russian, sanskrit, serbian, slovak, slovenian, spanish, swedish, swis
sgerman, tamil, telugu, turkish, turkmen, ukenglish, ukrainian, uppersorbian, u
senglishmax, welsh, loaded.
(C:\Users\admin_cent\Documents\Sphinx_Docs\build\LaTex\sphinxmanual.cls
Document Class: sphinxmanual 2009/06/02 Document class (Sphinx manual)
("C:\Program Files (x86)\MiKTeX 2.9\tex\latex\base\report.cls"
Document Class: report 2007/10/19 v1.4h Standard LaTeX document class
("C:\Program Files (x86)\MiKTeX 2.9\tex\latex\base\size10.clo"
File: size10.clo 2007/10/19 v1.4h Standard LaTeX file (size option)
)
\c@part=\count79
\c@chapter=\count80
\c@section=\count81
\c@subsection=\count82
\c@subsubsection=\count83
\c@paragraph=\count84
\c@subparagraph=\count85
\c@figure=\count86
\c@table=\count87
\abovecaptionskip=\skip41
\belowcaptionskip=\skip42
\bibindent=\dimen102
))
("C:\Program Files (x86)\MiKTeX 2.9\tex\latex\base\inputenc.sty"
Package: inputenc 2008/03/30 v1.1d Input encoding file
\inpenc@prehook=\toks14
\inpenc@posthook=\toks15

("C:\Program Files (x86)\MiKTeX 2.9\tex\latex\base\utf8.def"
File: utf8.def 2008/04/05 v1.1m UTF-8 support for inputenc
Now handling font encoding OML ...
... no UTF-8 mapping file for font encoding OML
Now handling font encoding T1 ...
... processing UTF-8 mapping file for font encoding T1

("C:\Program Files (x86)\MiKTeX 2.9\tex\latex\base\t1enc.dfu"
File: t1enc.dfu 2008/04/05 v1.1m UTF-8 support for inputenc
   defining Unicode char U+00A1 (decimal 161)
   defining Unicode char U+00A3 (decimal 163)
   defining Unicode char U+00AB (decimal 171)
   defining Unicode char U+00BB (decimal 187)
   defining Unicode char U+00BF (decimal 191)
   defining Unicode char U+00C0 (decimal 192)
   defining Unicode char U+00C1 (decimal 193)
   defining Unicode char U+00C2 (decimal 194)
   defining Unicode char U+00C3 (decimal 195)
   defining Unicode char U+00C4 (decimal 196)
   defining Unicode char U+00C5 (decimal 197)
   defining Unicode char U+00C6 (decimal 198)
   defining Unicode char U+00C7 (decimal 199)
   defining Unicode char U+00C8 (decimal 200)
   defining Unicode char U+00C9 (decimal 201)
   defining Unicode char U+00CA (decimal 202)
   defining Unicode char U+00CB (decimal 203)
   defining Unicode char U+00CC (decimal 204)
   defining Unicode char U+00CD (decimal 205)
   defining Unicode char U+00CE (decimal 206)
   defining Unicode char U+00CF (decimal 207)
   defining Unicode char U+00D0 (decimal 208)
   defining Unicode char U+00D1 (decimal 209)
   defining Unicode char U+00D2 (decimal 210)
   defining Unicode char U+00D3 (decimal 211)
   defining Unicode char U+00D4 (decimal 212)
   defining Unicode char U+00D5 (decimal 213)
   defining Unicode char U+00D6 (decimal 214)
   defining Unicode char U+00D8 (decimal 216)
   defining Unicode char U+00D9 (decimal 217)
   defining Unicode char U+00DA (decimal 218)
   defining Unicode char U+00DB (decimal 219)
   defining Unicode char U+00DC (decimal 220)
   defining Unicode char U+00DD (decimal 221)
   defining Unicode char U+00DE (decimal 222)
   defining Unicode char U+00DF (decimal 223)
   defining Unicode char U+00E0 (decimal 224)
   defining Unicode char U+00E1 (decimal 225)
   defining Unicode char U+00E2 (decimal 226)
   defining Unicode char U+00E3 (decimal 227)
   defining Unicode char U+00E4 (decimal 228)
   defining Unicode char U+00E5 (decimal 229)
   defining Unicode char U+00E6 (decimal 230)
   defining Unicode char U+00E7 (decimal 231)
   defining Unicode char U+00E8 (decimal 232)
   defining Unicode char U+00E9 (decimal 233)
   defining Unicode char U+00EA (decimal 234)
   defining Unicode char U+00EB (decimal 235)
   defining Unicode char U+00EC (decimal 236)
   defining Unicode char U+00ED (decimal 237)
   defining Unicode char U+00EE (decimal 238)
   defining Unicode char U+00EF (decimal 239)
   defining Unicode char U+00F0 (decimal 240)
   defining Unicode char U+00F1 (decimal 241)
   defining Unicode char U+00F2 (decimal 242)
   defining Unicode char U+00F3 (decimal 243)
   defining Unicode char U+00F4 (decimal 244)
   defining Unicode char U+00F5 (decimal 245)
   defining Unicode char U+00F6 (decimal 246)
   defining Unicode char U+00F8 (decimal 248)
   defining Unicode char U+00F9 (decimal 249)
   defining Unicode char U+00FA (decimal 250)
   defining Unicode char U+00FB (decimal 251)
   defining Unicode char U+00FC (decimal 252)
   defining Unicode char U+00FD (decimal 253)
   defining Unicode char U+00FE (decimal 254)
   defining Unicode char U+00FF (decimal 255)
   defining Unicode char U+0102 (decimal 258)
   defining Unicode char U+0103 (decimal 259)
   defining Unicode char U+0104 (decimal 260)
   defining Unicode char U+0105 (decimal 261)
   defining Unicode char U+0106 (decimal 262)
   defining Unicode char U+0107 (decimal 263)
   defining Unicode char U+010C (decimal 268)
   defining Unicode char U+010D (decimal 269)
   defining Unicode char U+010E (decimal 270)
   defining Unicode char U+010F (decimal 271)
   defining Unicode char U+0110 (decimal 272)
   defining Unicode char U+0111 (decimal 273)
   defining Unicode char U+0118 (decimal 280)
   defining Unicode char U+0119 (decimal 281)
   defining Unicode char U+011A (decimal 282)
   defining Unicode char U+011B (decimal 283)
   defining Unicode char U+011E (decimal 286)
   defining Unicode char U+011F (decimal 287)
   defining Unicode char U+0130 (decimal 304)
   defining Unicode char U+0131 (decimal 305)
   defining Unicode char U+0132 (decimal 306)
   defining Unicode char U+0133 (decimal 307)
   defining Unicode char U+0139 (decimal 313)
   defining Unicode char U+013A (decimal 314)
   defining Unicode char U+013D (decimal 317)
   defining Unicode char U+013E (decimal 318)
   defining Unicode char U+0141 (decimal 321)
   defining Unicode char U+0142 (decimal 322)
   defining Unicode char U+0143 (decimal 323)
   defining Unicode char U+0144 (decimal 324)
   defining Unicode char U+0147 (decimal 327)
   defining Unicode char U+0148 (decimal 328)
   defining Unicode char U+014A (decimal 330)
   defining Unicode char U+014B (decimal 331)
   defining Unicode char U+0150 (decimal 336)
   defining Unicode char U+0151 (decimal 337)
   defining Unicode char U+0152 (decimal 338)
   defining Unicode char U+0153 (decimal 339)
   defining Unicode char U+0154 (decimal 340)
   defining Unicode char U+0155 (decimal 341)
   defining Unicode char U+0158 (decimal 344)
   defining Unicode char U+0159 (decimal 345)
   defining Unicode char U+015A (decimal 346)
   defining Unicode char U+015B (decimal 347)
   defining Unicode char U+015E (decimal 350)
   defining Unicode char U+015F (decimal 351)
   defining Unicode char U+0160 (decimal 352)
   defining Unicode char U+0161 (decimal 353)
   defining Unicode char U+0162 (decimal 354)
   defining Unicode char U+0163 (decimal 355)
   defining Unicode char U+0164 (decimal 356)
   defining Unicode char U+0165 (decimal 357)
   defining Unicode char U+016E (decimal 366)
   defining Unicode char U+016F (decimal 367)
   defining Unicode char U+0170 (decimal 368)
   defining Unicode char U+0171 (decimal 369)
   defining Unicode char U+0178 (decimal 376)
   defining Unicode char U+0179 (decimal 377)
   defining Unicode char U+017A (decimal 378)
   defining Unicode char U+017B (decimal 379)
   defining Unicode char U+017C (decimal 380)
   defining Unicode char U+017D (decimal 381)
   defining Unicode char U+017E (decimal 382)
   defining Unicode char U+200C (decimal 8204)
   defining Unicode char U+2013 (decimal 8211)
   defining Unicode char U+2014 (decimal 8212)
   defining Unicode char U+2018 (decimal 8216)
   defining Unicode char U+2019 (decimal 8217)
   defining Unicode char U+201A (decimal 8218)
   defining Unicode char U+201C (decimal 8220)
   defining Unicode char U+201D (decimal 8221)
   defining Unicode char U+201E (decimal 8222)
   defining Unicode char U+2030 (decimal 8240)
   defining Unicode char U+2031 (decimal 8241)
   defining Unicode char U+2039 (decimal 8249)
   defining Unicode char U+203A (decimal 8250)
   defining Unicode char U+2423 (decimal 9251)
)
Now handling font encoding OT1 ...
... processing UTF-8 mapping file for font encoding OT1

("C:\Program Files (x86)\MiKTeX 2.9\tex\latex\base\ot1enc.dfu"
File: ot1enc.dfu 2008/04/05 v1.1m UTF-8 support for inputenc
   defining Unicode char U+00A1 (decimal 161)
   defining Unicode char U+00A3 (decimal 163)
   defining Unicode char U+00B8 (decimal 184)
   defining Unicode char U+00BF (decimal 191)
   defining Unicode char U+00C5 (decimal 197)
   defining Unicode char U+00C6 (decimal 198)
   defining Unicode char U+00D8 (decimal 216)
   defining Unicode char U+00DF (decimal 223)
   defining Unicode char U+00E6 (decimal 230)
   defining Unicode char U+00EC (decimal 236)
   defining Unicode char U+00ED (decimal 237)
   defining Unicode char U+00EE (decimal 238)
   defining Unicode char U+00EF (decimal 239)
   defining Unicode char U+00F8 (decimal 248)
   defining Unicode char U+0131 (decimal 305)
   defining Unicode char U+0141 (decimal 321)
   defining Unicode char U+0142 (decimal 322)
   defining Unicode char U+0152 (decimal 338)
   defining Unicode char U+0153 (decimal 339)
   defining Unicode char U+2013 (decimal 8211)
   defining Unicode char U+2014 (decimal 8212)
   defining Unicode char U+2018 (decimal 8216)
   defining Unicode char U+2019 (decimal 8217)
   defining Unicode char U+201C (decimal 8220)
   defining Unicode char U+201D (decimal 8221)
)
Now handling font encoding OMS ...
... processing UTF-8 mapping file for font encoding OMS

("C:\Program Files (x86)\MiKTeX 2.9\tex\latex\base\omsenc.dfu"
File: omsenc.dfu 2008/04/05 v1.1m UTF-8 support for inputenc
   defining Unicode char U+00A7 (decimal 167)
   defining Unicode char U+00B6 (decimal 182)
   defining Unicode char U+00B7 (decimal 183)
   defining Unicode char U+2020 (decimal 8224)
   defining Unicode char U+2021 (decimal 8225)
   defining Unicode char U+2022 (decimal 8226)
)
Now handling font encoding OMX ...
... no UTF-8 mapping file for font encoding OMX
Now handling font encoding U ...
... no UTF-8 mapping file for font encoding U
   defining Unicode char U+00A9 (decimal 169)
   defining Unicode char U+00AA (decimal 170)
   defining Unicode char U+00AE (decimal 174)
   defining Unicode char U+00BA (decimal 186)
   defining Unicode char U+02C6 (decimal 710)
   defining Unicode char U+02DC (decimal 732)
   defining Unicode char U+200C (decimal 8204)
   defining Unicode char U+2026 (decimal 8230)
   defining Unicode char U+2122 (decimal 8482)
   defining Unicode char U+2423 (decimal 9251)
))
   defining Unicode char U+00A0 (decimal 160)

("C:\Program Files (x86)\MiKTeX 2.9\tex\latex\base\fontenc.sty"
Package: fontenc 2005/09/27 v1.99g Standard LaTeX package

("C:\Program Files (x86)\MiKTeX 2.9\tex\latex\base\t1enc.def"
File: t1enc.def 2005/09/27 v1.99g Standard LaTeX file
LaTeX Font Info:    Redeclaring font encoding T1 on input line 43.
))
("C:\Program Files (x86)\MiKTeX 2.9\tex\generic\babel\babel.sty"
Package: babel 2008/07/08 v3.8m The Babel package

*************************************
* Local config file bblopts.cfg used
*
("C:\Program Files (x86)\MiKTeX 2.9\tex\latex\00miktex\bblopts.cfg"
File: bblopts.cfg 2006/07/31 v1.0 MiKTeX 'babel' configuration
)
("C:\Program Files (x86)\MiKTeX 2.9\tex\generic\babel\english.ldf"
Language: english 2005/03/30 v3.3o English support from the babel system

("C:\Program Files (x86)\MiKTeX 2.9\tex\generic\babel\babel.def"
File: babel.def 2008/07/08 v3.8m Babel common definitions
\babel@savecnt=\count88
\U@D=\dimen103
)
\l@canadian = a dialect from \language\l@american 
\l@australian = a dialect from \language\l@british 
\l@newzealand = a dialect from \language\l@british 
))
("C:\Program Files (x86)\MiKTeX 2.9\tex\latex\psnfss\times.sty"
Package: times 2005/04/12 PSNFSS-v9.2a (SPQR) 
)
(C:\Users\admin_cent\Documents\Sphinx_Docs\build\LaTex\fncychap.sty
Package: fncychap 2007/07/30 v1.34 LaTeX package (Revised chapters)
\RW=\skip43
\mylen=\skip44
\myhi=\skip45
\px=\skip46
\py=\skip47
\pyy=\skip48
\pxx=\skip49
\c@AlphaCnt=\count89
\c@AlphaDecCnt=\count90
)
("C:\Program Files (x86)\MiKTeX 2.9\tex\latex\tools\longtable.sty"
Package: longtable 2004/02/01 v4.11 Multi-page Table package (DPC)
\LTleft=\skip50
\LTright=\skip51
\LTpre=\skip52
\LTpost=\skip53
\LTchunksize=\count91
\LTcapwidth=\dimen104
\LT@head=\box26
\LT@firsthead=\box27
\LT@foot=\box28
\LT@lastfoot=\box29
\LT@cols=\count92
\LT@rows=\count93
\c@LT@tables=\count94
\c@LT@chunks=\count95
\LT@p@ftn=\toks16
)
(C:\Users\admin_cent\Documents\Sphinx_Docs\build\LaTex\sphinx.sty
Package: sphinx 2010/01/15 LaTeX package (Sphinx markup)

("C:\Program Files (x86)\MiKTeX 2.9\tex\latex\base\textcomp.sty"
Package: textcomp 2005/09/27 v1.99g Standard LaTeX package
Package textcomp Info: Sub-encoding information:
(textcomp)               5 = only ISO-Adobe without \textcurrency
(textcomp)               4 = 5 + \texteuro
(textcomp)               3 = 4 + \textohm
(textcomp)               2 = 3 + \textestimated + \textcurrency
(textcomp)               1 = TS1 - \textcircled - \t
(textcomp)               0 = TS1 (full)
(textcomp)             Font families with sub-encoding setting implement
(textcomp)             only a restricted character set as indicated.
(textcomp)             Family '?' is the default used for unknown fonts.
(textcomp)             See the documentation for details.
Package textcomp Info: Setting ? sub-encoding to TS1/1 on input line 71.

("C:\Program Files (x86)\MiKTeX 2.9\tex\latex\base\ts1enc.def"
File: ts1enc.def 2001/06/05 v3.0e (jk/car/fm) Standard LaTeX file
Now handling font encoding TS1 ...
... processing UTF-8 mapping file for font encoding TS1

("C:\Program Files (x86)\MiKTeX 2.9\tex\latex\base\ts1enc.dfu"
File: ts1enc.dfu 2008/04/05 v1.1m UTF-8 support for inputenc
   defining Unicode char U+00A2 (decimal 162)
   defining Unicode char U+00A3 (decimal 163)
   defining Unicode char U+00A4 (decimal 164)
   defining Unicode char U+00A5 (decimal 165)
   defining Unicode char U+00A6 (decimal 166)
   defining Unicode char U+00A7 (decimal 167)
   defining Unicode char U+00A8 (decimal 168)
   defining Unicode char U+00A9 (decimal 169)
   defining Unicode char U+00AA (decimal 170)
   defining Unicode char U+00AC (decimal 172)
   defining Unicode char U+00AE (decimal 174)
   defining Unicode char U+00AF (decimal 175)
   defining Unicode char U+00B0 (decimal 176)
   defining Unicode char U+00B1 (decimal 177)
   defining Unicode char U+00B2 (decimal 178)
   defining Unicode char U+00B3 (decimal 179)
   defining Unicode char U+00B4 (decimal 180)
   defining Unicode char U+00B5 (decimal 181)
   defining Unicode char U+00B6 (decimal 182)
   defining Unicode char U+00B7 (decimal 183)
   defining Unicode char U+00B9 (decimal 185)
   defining Unicode char U+00BA (decimal 186)
   defining Unicode char U+00BC (decimal 188)
   defining Unicode char U+00BD (decimal 189)
   defining Unicode char U+00BE (decimal 190)
   defining Unicode char U+00D7 (decimal 215)
   defining Unicode char U+00F7 (decimal 247)
   defining Unicode char U+0192 (decimal 402)
   defining Unicode char U+02C7 (decimal 711)
   defining Unicode char U+02D8 (decimal 728)
   defining Unicode char U+02DD (decimal 733)
   defining Unicode char U+0E3F (decimal 3647)
   defining Unicode char U+2016 (decimal 8214)
   defining Unicode char U+2020 (decimal 8224)
   defining Unicode char U+2021 (decimal 8225)
   defining Unicode char U+2022 (decimal 8226)
   defining Unicode char U+2030 (decimal 8240)
   defining Unicode char U+2031 (decimal 8241)
   defining Unicode char U+203B (decimal 8251)
   defining Unicode char U+203D (decimal 8253)
   defining Unicode char U+2044 (decimal 8260)
   defining Unicode char U+204E (decimal 8270)
   defining Unicode char U+2052 (decimal 8274)
   defining Unicode char U+20A1 (decimal 8353)
   defining Unicode char U+20A4 (decimal 8356)
   defining Unicode char U+20A6 (decimal 8358)
   defining Unicode char U+20A9 (decimal 8361)
   defining Unicode char U+20AB (decimal 8363)
   defining Unicode char U+20AC (decimal 8364)
   defining Unicode char U+20B1 (decimal 8369)
   defining Unicode char U+2103 (decimal 8451)
   defining Unicode char U+2116 (decimal 8470)
   defining Unicode char U+2117 (decimal 8471)
   defining Unicode char U+211E (decimal 8478)
   defining Unicode char U+2120 (decimal 8480)
   defining Unicode char U+2122 (decimal 8482)
   defining Unicode char U+2126 (decimal 8486)
   defining Unicode char U+2127 (decimal 8487)
   defining Unicode char U+212E (decimal 8494)
   defining Unicode char U+2190 (decimal 8592)
   defining Unicode char U+2191 (decimal 8593)
   defining Unicode char U+2192 (decimal 8594)
   defining Unicode char U+2193 (decimal 8595)
   defining Unicode char U+2329 (decimal 9001)
   defining Unicode char U+232A (decimal 9002)
   defining Unicode char U+2422 (decimal 9250)
   defining Unicode char U+25E6 (decimal 9702)
   defining Unicode char U+25EF (decimal 9711)
   defining Unicode char U+266A (decimal 9834)
))
LaTeX Info: Redefining \oldstylenums on input line 266.
Package textcomp Info: Setting cmr sub-encoding to TS1/0 on input line 281.
Package textcomp Info: Setting cmss sub-encoding to TS1/0 on input line 282.
Package textcomp Info: Setting cmtt sub-encoding to TS1/0 on input line 283.
Package textcomp Info: Setting cmvtt sub-encoding to TS1/0 on input line 284.
Package textcomp Info: Setting cmbr sub-encoding to TS1/0 on input line 285.
Package textcomp Info: Setting cmtl sub-encoding to TS1/0 on input line 286.
Package textcomp Info: Setting ccr sub-encoding to TS1/0 on input line 287.
Package textcomp Info: Setting ptm sub-encoding to TS1/4 on input line 288.
Package textcomp Info: Setting pcr sub-encoding to TS1/4 on input line 289.
Package textcomp Info: Setting phv sub-encoding to TS1/4 on input line 290.
Package textcomp Info: Setting ppl sub-encoding to TS1/3 on input line 291.
Package textcomp Info: Setting pag sub-encoding to TS1/4 on input line 292.
Package textcomp Info: Setting pbk sub-encoding to TS1/4 on input line 293.
Package textcomp Info: Setting pnc sub-encoding to TS1/4 on input line 294.
Package textcomp Info: Setting pzc sub-encoding to TS1/4 on input line 295.
Package textcomp Info: Setting bch sub-encoding to TS1/4 on input line 296.
Package textcomp Info: Setting put sub-encoding to TS1/5 on input line 297.
Package textcomp Info: Setting uag sub-encoding to TS1/5 on input line 298.
Package textcomp Info: Setting ugq sub-encoding to TS1/5 on input line 299.
Package textcomp Info: Setting ul8 sub-encoding to TS1/4 on input line 300.
Package textcomp Info: Setting ul9 sub-encoding to TS1/4 on input line 301.
Package textcomp Info: Setting augie sub-encoding to TS1/5 on input line 302.
Package textcomp Info: Setting dayrom sub-encoding to TS1/3 on input line 303.
Package textcomp Info: Setting dayroms sub-encoding to TS1/3 on input line 304.

Package textcomp Info: Setting pxr sub-encoding to TS1/0 on input line 305.
Package textcomp Info: Setting pxss sub-encoding to TS1/0 on input line 306.
Package textcomp Info: Setting pxtt sub-encoding to TS1/0 on input line 307.
Package textcomp Info: Setting txr sub-encoding to TS1/0 on input line 308.
Package textcomp Info: Setting txss sub-encoding to TS1/0 on input line 309.
Package textcomp Info: Setting txtt sub-encoding to TS1/0 on input line 310.
Package textcomp Info: Setting lmr sub-encoding to TS1/0 on input line 311.
Package textcomp Info: Setting lmdh sub-encoding to TS1/0 on input line 312.
Package textcomp Info: Setting lmss sub-encoding to TS1/0 on input line 313.
Package textcomp Info: Setting lmssq sub-encoding to TS1/0 on input line 314.
Package textcomp Info: Setting lmvtt sub-encoding to TS1/0 on input line 315.
Package textcomp Info: Setting qhv sub-encoding to TS1/0 on input line 316.
Package textcomp Info: Setting qag sub-encoding to TS1/0 on input line 317.
Package textcomp Info: Setting qbk sub-encoding to TS1/0 on input line 318.
Package textcomp Info: Setting qcr sub-encoding to TS1/0 on input line 319.
Package textcomp Info: Setting qcs sub-encoding to TS1/0 on input line 320.
Package textcomp Info: Setting qpl sub-encoding to TS1/0 on input line 321.
Package textcomp Info: Setting qtm sub-encoding to TS1/0 on input line 322.
Package textcomp Info: Setting qzc sub-encoding to TS1/0 on input line 323.
Package textcomp Info: Setting qhvc sub-encoding to TS1/0 on input line 324.
Package textcomp Info: Setting futs sub-encoding to TS1/4 on input line 325.
Package textcomp Info: Setting futx sub-encoding to TS1/4 on input line 326.
Package textcomp Info: Setting futj sub-encoding to TS1/4 on input line 327.
Package textcomp Info: Setting hlh sub-encoding to TS1/3 on input line 328.
Package textcomp Info: Setting hls sub-encoding to TS1/3 on input line 329.
Package textcomp Info: Setting hlst sub-encoding to TS1/3 on input line 330.
Package textcomp Info: Setting hlct sub-encoding to TS1/5 on input line 331.
Package textcomp Info: Setting hlx sub-encoding to TS1/5 on input line 332.
Package textcomp Info: Setting hlce sub-encoding to TS1/5 on input line 333.
Package textcomp Info: Setting hlcn sub-encoding to TS1/5 on input line 334.
Package textcomp Info: Setting hlcw sub-encoding to TS1/5 on input line 335.
Package textcomp Info: Setting hlcf sub-encoding to TS1/5 on input line 336.
Package textcomp Info: Setting pplx sub-encoding to TS1/3 on input line 337.
Package textcomp Info: Setting pplj sub-encoding to TS1/3 on input line 338.
Package textcomp Info: Setting ptmx sub-encoding to TS1/4 on input line 339.
Package textcomp Info: Setting ptmj sub-encoding to TS1/4 on input line 340.
)
("C:\Program Files (x86)\MiKTeX 2.9\tex\latex\fancyhdr\fancyhdr.sty"
\fancy@headwidth=\skip54
\f@ncyO@elh=\skip55
\f@ncyO@erh=\skip56
\f@ncyO@olh=\skip57
\f@ncyO@orh=\skip58
\f@ncyO@elf=\skip59
\f@ncyO@erf=\skip60
\f@ncyO@olf=\skip61
\f@ncyO@orf=\skip62
)
("C:\Program Files (x86)\MiKTeX 2.9\tex\latex\fancybox\fancybox.sty"
Package: fancybox 2010/05/15 1.4

Style option: `fancybox' v1.4 <2010/05/15> (tvz)
\@fancybox=\box30
\shadowsize=\dimen105
\@Sbox=\box31
\do@VerbBox=\toks17
\the@fancyput=\toks18
\this@fancyput=\toks19
\EndVerbatimTokens=\toks20
\Verbatim@Outfile=\write3
\Verbatim@Infile=\read1
) ("C:\Program Files (x86)\MiKTeX 2.9\tex\latex\titlesec\titlesec.sty"
Package: titlesec 2011/12/15 v2.10.0 Sectioning titles
\ttl@box=\box32
\beforetitleunit=\skip63
\aftertitleunit=\skip64
\ttl@plus=\dimen106
\ttl@minus=\dimen107
\ttl@toksa=\toks21
\titlewidth=\dimen108
\titlewidthlast=\dimen109
\titlewidthfirst=\dimen110
)
(C:\Users\admin_cent\Documents\Sphinx_Docs\build\LaTex\tabulary.sty
Package: tabulary 2007/10/02 v0.9 tabulary package (DPC)

("C:\Program Files (x86)\MiKTeX 2.9\tex\latex\tools\array.sty"
Package: array 2008/09/09 v2.4c Tabular extension package (FMi)
\col@sep=\dimen111
\extrarowheight=\dimen112
\NC@list=\toks22
\extratabsurround=\skip65
\backup@length=\skip66
)
\TY@count=\count96
\TY@linewidth=\dimen113
\tymin=\dimen114
\tymax=\dimen115
\TY@tablewidth=\dimen116
)
("C:\Program Files (x86)\MiKTeX 2.9\tex\latex\ams\math\amsmath.sty"
Package: amsmath 2000/07/18 v2.13 AMS math features
\@mathmargin=\skip67

For additional information on amsmath, use the `?' option.
("C:\Program Files (x86)\MiKTeX 2.9\tex\latex\ams\math\amstext.sty"
Package: amstext 2000/06/29 v2.01

("C:\Program Files (x86)\MiKTeX 2.9\tex\latex\ams\math\amsgen.sty"
File: amsgen.sty 1999/11/30 v2.0
\@emptytoks=\toks23
\ex@=\dimen117
))
("C:\Program Files (x86)\MiKTeX 2.9\tex\latex\ams\math\amsbsy.sty"
Package: amsbsy 1999/11/29 v1.2d
\pmbraise@=\dimen118
)
("C:\Program Files (x86)\MiKTeX 2.9\tex\latex\ams\math\amsopn.sty"
Package: amsopn 1999/12/14 v2.01 operator names
)
\inf@bad=\count97
LaTeX Info: Redefining \frac on input line 211.
\uproot@=\count98
\leftroot@=\count99
LaTeX Info: Redefining \overline on input line 307.
\classnum@=\count100
\DOTSCASE@=\count101
LaTeX Info: Redefining \ldots on input line 379.
LaTeX Info: Redefining \dots on input line 382.
LaTeX Info: Redefining \cdots on input line 467.
\Mathstrutbox@=\box33
\strutbox@=\box34
\big@size=\dimen119
LaTeX Font Info:    Redeclaring font encoding OML on input line 567.
LaTeX Font Info:    Redeclaring font encoding OMS on input line 568.
\macc@depth=\count102
\c@MaxMatrixCols=\count103
\dotsspace@=\muskip10
\c@parentequation=\count104
\dspbrk@lvl=\count105
\tag@help=\toks24
\row@=\count106
\column@=\count107
\maxfields@=\count108
\andhelp@=\toks25
\eqnshift@=\dimen120
\alignsep@=\dimen121
\tagshift@=\dimen122
\tagwidth@=\dimen123
\totwidth@=\dimen124
\lineht@=\dimen125
\@envbody=\toks26
\multlinegap=\skip68
\multlinetaggap=\skip69
\mathdisplay@stack=\toks27
LaTeX Info: Redefining \[ on input line 2666.
LaTeX Info: Redefining \] on input line 2667.
)
("C:\Program Files (x86)\MiKTeX 2.9\tex\latex\base\makeidx.sty"
Package: makeidx 2000/03/29 v1.0m Standard LaTeX package
)
("C:\Program Files (x86)\MiKTeX 2.9\tex\latex\framed\framed.sty"
Package: framed 2011/10/22 v 0.96: framed or shaded text with page breaks
\OuterFrameSep=\skip70
\fb@frw=\dimen126
\fb@frh=\dimen127
\FrameRule=\dimen128
\FrameSep=\dimen129
)
("C:\Program Files (x86)\MiKTeX 2.9\tex\latex\base\ifthen.sty"
Package: ifthen 2001/05/26 v1.1c Standard LaTeX ifthen package (DPC)
)
("C:\Program Files (x86)\MiKTeX 2.9\tex\latex\graphics\color.sty"
Package: color 2005/11/14 v1.0j Standard LaTeX Color (DPC)

("C:\Program Files (x86)\MiKTeX 2.9\tex\latex\00miktex\color.cfg"
File: color.cfg 2007/01/18 v1.5 color configuration of teTeX/TeXLive
)
Package color Info: Driver file: pdftex.def on input line 130.

("C:\Program Files (x86)\MiKTeX 2.9\tex\latex\pdftex-def\pdftex.def"
File: pdftex.def 2011/05/27 v0.06d Graphics/color for pdfTeX

("C:\Program Files (x86)\MiKTeX 2.9\tex\generic\oberdiek\infwarerr.sty"
Package: infwarerr 2010/04/08 v1.3 Providing info/warning/error messages (HO)
)
("C:\Program Files (x86)\MiKTeX 2.9\tex\generic\oberdiek\ltxcmds.sty"
Package: ltxcmds 2011/11/09 v1.22 LaTeX kernel commands for general use (HO)
)
\Gread@gobject=\count109
))
("C:\Program Files (x86)\MiKTeX 2.9\tex\latex\fancyvrb\fancyvrb.sty"
Package: fancyvrb 2008/02/07

Style option: `fancyvrb' v2.7a, with DG/SPQR fixes, and firstline=lastline fix 
<2008/02/07> (tvz)
("C:\Program Files (x86)\MiKTeX 2.9\tex\latex\graphics\keyval.sty"
Package: keyval 1999/03/16 v1.13 key=value parser (DPC)
\KV@toks@=\toks28
)
\FV@CodeLineNo=\count110
\FV@InFile=\read2
\FV@TabBox=\box35
\c@FancyVerbLine=\count111
\FV@StepNumber=\count112
\FV@OutFile=\write4
)
("C:\Program Files (x86)\MiKTeX 2.9\tex\latex\threeparttable\threeparttable.sty
"
Package: threeparttable 2003/06/13  v 3.0
\@tempboxb=\box36
) ("C:\Program Files (x86)\MiKTeX 2.9\tex\latex\mdwtools\footnote.sty"
Package: footnote 1997/01/28 1.13 Save footnotes around boxes
\fn@notes=\box37
\fn@width=\dimen130
)
("C:\Program Files (x86)\MiKTeX 2.9\tex\latex\wrapfig\wrapfig.sty"
\wrapoverhang=\dimen131
\WF@size=\dimen132
\c@WF@wrappedlines=\count113
\WF@box=\box38
\WF@everypar=\toks29
Package: wrapfig 2003/01/31  v 3.6
)
("C:\Program Files (x86)\MiKTeX 2.9\tex\latex\ltxmisc\parskip.sty"
Package: parskip 2001/04/09 non-zero parskip adjustments
)
("C:\Program Files (x86)\MiKTeX 2.9\tex\latex\graphics\graphicx.sty"
Package: graphicx 1999/02/16 v1.0f Enhanced LaTeX Graphics (DPC,SPQR)

("C:\Program Files (x86)\MiKTeX 2.9\tex\latex\graphics\graphics.sty"
Package: graphics 2009/02/05 v1.0o Standard LaTeX Graphics (DPC,SPQR)

("C:\Program Files (x86)\MiKTeX 2.9\tex\latex\graphics\trig.sty"
Package: trig 1999/03/16 v1.09 sin cos tan (DPC)
)
("C:\Program Files (x86)\MiKTeX 2.9\tex\latex\00miktex\graphics.cfg"
File: graphics.cfg 2007/01/18 v1.5 graphics configuration of teTeX/TeXLive
)
Package graphics Info: Driver file: pdftex.def on input line 91.
)
\Gin@req@height=\dimen133
\Gin@req@width=\dimen134
)
("C:\Program Files (x86)\MiKTeX 2.9\tex\plain\misc\pdfcolor.tex")
\distancetoright=\skip71
\py@argswidth=\skip72
\py@noticelength=\skip73
\lineblockindentation=\skip74
\image@box=\box39
\image@width=\dimen135

("C:\Program Files (x86)\MiKTeX 2.9\tex\latex\hyperref\hyperref.sty"
Package: hyperref 2012/05/13 v6.82q Hypertext links for LaTeX

("C:\Program Files (x86)\MiKTeX 2.9\tex\generic\oberdiek\hobsub-hyperref.sty"
Package: hobsub-hyperref 2012/04/25 v1.12 Bundle oberdiek, subset hyperref (HO)


("C:\Program Files (x86)\MiKTeX 2.9\tex\generic\oberdiek\hobsub-generic.sty"
Package: hobsub-generic 2012/04/25 v1.12 Bundle oberdiek, subset generic (HO)
Package: hobsub 2012/04/25 v1.12 Construct package bundles (HO)
Package hobsub Info: Skipping package `infwarerr' (already loaded).
Package hobsub Info: Skipping package `ltxcmds' (already loaded).
Package: ifluatex 2010/03/01 v1.3 Provides the ifluatex switch (HO)
Package ifluatex Info: LuaTeX not detected.
Package: ifvtex 2010/03/01 v1.5 Detect VTeX and its facilities (HO)
Package ifvtex Info: VTeX not detected.
Package: intcalc 2007/09/27 v1.1 Expandable calculations with integers (HO)
Package: ifpdf 2011/01/30 v2.3 Provides the ifpdf switch (HO)
Package ifpdf Info: pdfTeX in PDF mode is detected.
Package: etexcmds 2011/02/16 v1.5 Avoid name clashes with e-TeX commands (HO)
Package etexcmds Info: Could not find \expanded.
(etexcmds)             That can mean that you are not using pdfTeX 1.50 or
(etexcmds)             that some package has redefined \expanded.
(etexcmds)             In the latter case, load this package earlier.
Package: kvsetkeys 2012/04/25 v1.16 Key value parser (HO)
Package: kvdefinekeys 2011/04/07 v1.3 Define keys (HO)
Package: pdftexcmds 2011/11/29 v0.20 Utility functions of pdfTeX for LuaTeX (HO
)
Package pdftexcmds Info: LuaTeX not detected.
Package pdftexcmds Info: \pdf@primitive is available.
Package pdftexcmds Info: \pdf@ifprimitive is available.
Package pdftexcmds Info: \pdfdraftmode found.
Package: pdfescape 2011/11/25 v1.13 Implements pdfTeX's escape features (HO)
Package: bigintcalc 2012/04/08 v1.3 Expandable calculations on big integers (HO
)
Package: bitset 2011/01/30 v1.1 Handle bit-vector datatype (HO)
Package: uniquecounter 2011/01/30 v1.2 Provide unlimited unique counter (HO)
)
Package hobsub Info: Skipping package `hobsub' (already loaded).
Package: letltxmacro 2010/09/02 v1.4 Let assignment for LaTeX macros (HO)
Package: hopatch 2011/06/24 v1.1 Wrapper for package hooks (HO)
Package: xcolor-patch 2011/01/30 xcolor patch
Package: atveryend 2011/06/30 v1.8 Hooks at the very end of document (HO)
Package atveryend Info: \enddocument detected (standard20110627).
Package: atbegshi 2011/10/05 v1.16 At begin shipout hook (HO)
Package: refcount 2011/10/16 v3.4 Data extraction from label references (HO)
Package: hycolor 2011/01/30 v1.7 Color options for hyperref/bookmark (HO)
)
("C:\Program Files (x86)\MiKTeX 2.9\tex\generic\ifxetex\ifxetex.sty"
Package: ifxetex 2010/09/12 v0.6 Provides ifxetex conditional
)
("C:\Program Files (x86)\MiKTeX 2.9\tex\latex\oberdiek\kvoptions.sty"
Package: kvoptions 2011/06/30 v3.11 Key value format for package options (HO)
)
\@linkdim=\dimen136
\Hy@linkcounter=\count114
\Hy@pagecounter=\count115

("C:\Program Files (x86)\MiKTeX 2.9\tex\latex\hyperref\pd1enc.def"
File: pd1enc.def 2012/05/13 v6.82q Hyperref: PDFDocEncoding definition (HO)
Now handling font encoding PD1 ...
... no UTF-8 mapping file for font encoding PD1
)
\Hy@SavedSpaceFactor=\count116

("C:\Program Files (x86)\MiKTeX 2.9\tex\latex\00miktex\hyperref.cfg"
File: hyperref.cfg 2002/06/06 v1.2 hyperref configuration of TeXLive
)
Package hyperref Info: Option `colorlinks' set `true' on input line 3941.
Package hyperref Info: Option `breaklinks' set `true' on input line 3941.
Package hyperref Info: Hyper figures OFF on input line 4062.
Package hyperref Info: Link nesting OFF on input line 4067.
Package hyperref Info: Hyper index ON on input line 4070.
Package hyperref Info: Plain pages OFF on input line 4077.
Package hyperref Info: Backreferencing OFF on input line 4082.
Package hyperref Info: Implicit mode ON; LaTeX internals redefined.
Package hyperref Info: Bookmarks ON on input line 4300.
\c@Hy@tempcnt=\count117

("C:\Program Files (x86)\MiKTeX 2.9\tex\latex\ltxmisc\url.sty"
\Urlmuskip=\muskip11
Package: url 2006/04/12  ver 3.3  Verb mode for urls, etc.
)
LaTeX Info: Redefining \url on input line 4653.
\Fld@menulength=\count118
\Field@Width=\dimen137
\Fld@charsize=\dimen138
Package hyperref Info: Hyper figures OFF on input line 5773.
Package hyperref Info: Link nesting OFF on input line 5778.
Package hyperref Info: Hyper index ON on input line 5781.
Package hyperref Info: backreferencing OFF on input line 5788.
Package hyperref Info: Link coloring ON on input line 5791.
Package hyperref Info: Link coloring with OCG OFF on input line 5798.
Package hyperref Info: PDF/A mode OFF on input line 5803.
LaTeX Info: Redefining \ref on input line 5843.
LaTeX Info: Redefining \pageref on input line 5847.
\Hy@abspage=\count119
\c@Item=\count120
\c@Hfootnote=\count121
)

Package hyperref Message: Driver (autodetected): hpdftex.

("C:\Program Files (x86)\MiKTeX 2.9\tex\latex\hyperref\hpdftex.def"
File: hpdftex.def 2012/05/13 v6.82q Hyperref driver for pdfTeX
\Fld@listcount=\count122
\c@bookmark@seq@number=\count123

("C:\Program Files (x86)\MiKTeX 2.9\tex\latex\oberdiek\rerunfilecheck.sty"
Package: rerunfilecheck 2011/04/15 v1.7 Rerun checks for auxiliary files (HO)
Package uniquecounter Info: New unique counter `rerunfilecheck' on input line 2
82.
)
\Hy@SectionHShift=\skip75
)
("C:\Program Files (x86)\MiKTeX 2.9\tex\latex\oberdiek\hypcap.sty"
Package: hypcap 2011/02/16 v1.11 Adjusting the anchors of captions (HO)
)
\DUlineblockindent=\skip76
)
("C:\Program Files (x86)\MiKTeX 2.9\tex\latex\multirow\multirow.sty"
\bigstrutjot=\dimen139
)
\@indexfile=\write5

Writing index file CENTSystem.idx
(C:\Users\admin_cent\Documents\Sphinx_Docs\build\LaTex\CENTSystem.aux)
LaTeX Font Info:    Checking defaults for OML/cmm/m/it on input line 116.
LaTeX Font Info:    ... okay on input line 116.
LaTeX Font Info:    Checking defaults for T1/cmr/m/n on input line 116.
LaTeX Font Info:    ... okay on input line 116.
LaTeX Font Info:    Checking defaults for OT1/cmr/m/n on input line 116.
LaTeX Font Info:    ... okay on input line 116.
LaTeX Font Info:    Checking defaults for OMS/cmsy/m/n on input line 116.
LaTeX Font Info:    ... okay on input line 116.
LaTeX Font Info:    Checking defaults for OMX/cmex/m/n on input line 116.
LaTeX Font Info:    ... okay on input line 116.
LaTeX Font Info:    Checking defaults for U/cmr/m/n on input line 116.
LaTeX Font Info:    ... okay on input line 116.
LaTeX Font Info:    Checking defaults for TS1/cmr/m/n on input line 116.
LaTeX Font Info:    Try loading font information for TS1+cmr on input line 116.


("C:\Program Files (x86)\MiKTeX 2.9\tex\latex\base\ts1cmr.fd"
File: ts1cmr.fd 1999/05/25 v2.5h Standard LaTeX font definitions
)
LaTeX Font Info:    ... okay on input line 116.
LaTeX Font Info:    Checking defaults for PD1/pdf/m/n on input line 116.
LaTeX Font Info:    ... okay on input line 116.
LaTeX Font Info:    Try loading font information for T1+ptm on input line 116.

("C:\Program Files (x86)\MiKTeX 2.9\tex\latex\psnfss\t1ptm.fd"
File: t1ptm.fd 2001/06/04 font definitions for T1/ptm.
)
("C:\Program Files (x86)\MiKTeX 2.9\tex\context\base\supp-pdf.mkii"
[Loading MPS to PDF converter (version 2006.09.02).]
\scratchcounter=\count124
\scratchdimen=\dimen140
\scratchbox=\box40
\nofMPsegments=\count125
\nofMParguments=\count126
\everyMPshowfont=\toks30
\MPscratchCnt=\count127
\MPscratchDim=\dimen141
\MPnumerator=\count128
\makeMPintoPDFobject=\count129
\everyMPtoPDFconversion=\toks31
)
\AtBeginShipoutBox=\box41
Package hyperref Info: Link coloring ON on input line 116.
 ("C:\Program Files (x86)\MiKTeX 2.9\tex\latex\hyperref\nameref.sty"
Package: nameref 2010/04/30 v2.40 Cross-referencing by name of section

("C:\Program Files (x86)\MiKTeX 2.9\tex\generic\oberdiek\gettitlestring.sty"
Package: gettitlestring 2010/12/03 v1.4 Cleanup title references (HO)
)
\c@section@level=\count130
)
LaTeX Info: Redefining \ref on input line 116.
LaTeX Info: Redefining \pageref on input line 116.
LaTeX Info: Redefining \nameref on input line 116.

(C:\Users\admin_cent\Documents\Sphinx_Docs\build\LaTex\CENTSystem.out)
(C:\Users\admin_cent\Documents\Sphinx_Docs\build\LaTex\CENTSystem.out)
\@outlinefile=\write6

Underfull \hbox (badness 10000) in paragraph at lines 119--119

 []

LaTeX Font Info:    Try loading font information for T1+phv on input line 119.
("C:\Program Files (x86)\MiKTeX 2.9\tex\latex\psnfss\t1phv.fd"
File: t1phv.fd 2001/06/04 scalable font definitions for T1/phv.
)
LaTeX Font Info:    Font shape `T1/phv/bx/n' in size <24.88> not available
(Font)              Font shape `T1/phv/b/n' tried instead on input line 119.
LaTeX Font Info:    Font shape `T1/phv/m/it' in size <17.28> not available
(Font)              Font shape `T1/phv/m/sl' tried instead on input line 119.
LaTeX Font Info:    Font shape `T1/phv/bx/it' in size <17.28> not available
(Font)              Font shape `T1/phv/b/it' tried instead on input line 119.
LaTeX Font Info:    Font shape `T1/phv/b/it' in size <17.28> not available
(Font)              Font shape `T1/phv/b/sl' tried instead on input line 119.
LaTeX Font Info:    Font shape `T1/phv/bx/n' in size <17.28> not available
(Font)              Font shape `T1/phv/b/n' tried instead on input line 119.

Overfull \hbox (37.9511pt too wide) in paragraph at lines 119--119
 [][]
 []

[1

{C:/ProgramData/MiKTeX/2.9/pdftex/config/pdftex.map}] [2

]
(C:\Users\admin_cent\Documents\Sphinx_Docs\build\LaTex\CENTSystem.toc
LaTeX Font Info:    Font shape `T1/ptm/bx/n' in size <10> not available
(Font)              Font shape `T1/ptm/b/n' tried instead on input line 2.
)
\tf@toc=\write7

Adding blank page after the table of contents.
LaTeX Font Info:    Font shape `T1/phv/bx/n' in size <10> not available
(Font)              Font shape `T1/phv/b/n' tried instead on input line 119.
pdfTeX warning (ext4): destination with the same identifier (name{page.i}) has 
been already used, duplicate ignored
<to be read again> 
                   \relax 
l.119 \tableofcontents
                       [1

]pdfTeX warning (ext4): destination with the same identifier (name{page.ii}) ha
s been already used, duplicate ignored
<to be read again> 
                   \relax 
l.119 \tableofcontents
                       [2]
Chapter 1.
LaTeX Font Info:    Font shape `T1/phv/bx/n' in size <14.4> not available
(Font)              Font shape `T1/phv/b/n' tried instead on input line 124.
LaTeX Font Info:    Font shape `T1/phv/bx/n' in size <12> not available
(Font)              Font shape `T1/phv/b/n' tried instead on input line 132.

Underfull \hbox (badness 10000) in paragraph at lines 145--146

 []

<OpenVibeInstallationFolder.PNG, id=126, 501.875pt x 395.4775pt>
File: OpenVibeInstallationFolder.PNG Graphic file (type png)

<use OpenVibeInstallationFolder.PNG>
Package pdftex.def Info: OpenVibeInstallationFolder.PNG used on input line 166.

(pdftex.def)             Requested size: 501.87376pt x 395.47653pt.
File: OpenVibeInstallationFolder.PNG Graphic file (type png)
 <use OpenVibeInstallationFolder.PNG>
Package pdftex.def Info: OpenVibeInstallationFolder.PNG used on input line 166.

(pdftex.def)             Requested size: 469.755pt x 370.18596pt.

[1


] <SelectCapDriver.PNG, id=137, 263.48438pt x 266.49562pt>
File: SelectCapDriver.PNG Graphic file (type png)

<use SelectCapDriver.PNG>
Package pdftex.def Info: SelectCapDriver.PNG used on input line 182.
(pdftex.def)             Requested size: 263.48372pt x 266.49496pt.
File: SelectCapDriver.PNG Graphic file (type png)
 <use SelectCapDriver.PNG>
Package pdftex.def Info: SelectCapDriver.PNG used on input line 182.
(pdftex.def)             Requested size: 263.48372pt x 266.49496pt.
 [2 <C:/Users/admin_cent/Documents/Sphinx_Docs/build/LaTex/OpenVibeInstallation
Folder.PNG>]
<SelectCapDriverWithMAC.PNG, id=145, 263.48438pt x 269.50688pt>
File: SelectCapDriverWithMAC.PNG Graphic file (type png)

<use SelectCapDriverWithMAC.PNG>
Package pdftex.def Info: SelectCapDriverWithMAC.PNG used on input line 186.
(pdftex.def)             Requested size: 263.48372pt x 269.50621pt.
File: SelectCapDriverWithMAC.PNG Graphic file (type png)
 <use SelectCapDriverWithMAC.PNG>
Package pdftex.def Info: SelectCapDriverWithMAC.PNG used on input line 186.
(pdftex.def)             Requested size: 263.48372pt x 269.50621pt.

<WindowsHeaders.PNG, id=146, 806.26219pt x 544.28343pt>
File: WindowsHeaders.PNG Graphic file (type png)

<use WindowsHeaders.PNG>
Package pdftex.def Info: WindowsHeaders.PNG used on input line 190.
(pdftex.def)             Requested size: 806.26022pt x 544.2821pt.
File: WindowsHeaders.PNG Graphic file (type png)
 <use WindowsHeaders.PNG>
Package pdftex.def Info: WindowsHeaders.PNG used on input line 190.
(pdftex.def)             Requested size: 469.755pt x 317.12138pt.
 [3 <C:/Users/admin_cent/Documents/Sphinx_Docs/build/LaTex/SelectCapDriver.PNG>
 <C:/Users/admin_cent/Documents/Sphinx_Docs/build/LaTex/SelectCapDriverWithMAC.
PNG>]
LaTeX Font Info:    Try loading font information for T1+pcr on input line 197.

("C:\Program Files (x86)\MiKTeX 2.9\tex\latex\psnfss\t1pcr.fd"
File: t1pcr.fd 2001/06/04 font definitions for T1/pcr.
)
<Backup.PNG, id=152, 742.27313pt x 489.32813pt>
File: Backup.PNG Graphic file (type png)
 <use Backup.PNG>
Package pdftex.def Info: Backup.PNG used on input line 199.
(pdftex.def)             Requested size: 742.27133pt x 489.32692pt.
File: Backup.PNG Graphic file (type png)

<use Backup.PNG>
Package pdftex.def Info: Backup.PNG used on input line 199.
(pdftex.def)             Requested size: 469.755pt x 309.68205pt.
 [4 <C:/Users/admin_cent/Documents/Sphinx_Docs/build/LaTex/WindowsHeaders.PNG>]
 <Console.png, id=159, 974.64125pt x 169.63374pt>
File: Console.png Graphic file (type png)

<use Console.png>
Package pdftex.def Info: Console.png used on input line 211.
(pdftex.def)             Requested size: 974.63887pt x 169.63332pt.
File: Console.png Graphic file (type png)
 <use Console.png>
Package pdftex.def Info: Console.png used on input line 211.
(pdftex.def)             Requested size: 469.755pt x 81.75975pt.
 [5 <C:/Users/admin_cent/Documents/Sphinx_Docs/build/LaTex/Backup.PNG> <C:/User
s/admin_cent/Documents/Sphinx_Docs/build/LaTex/Console.png>]
LaTeX Font Info:    Try loading font information for TS1+ptm on input line 218.

 ("C:\Program Files (x86)\MiKTeX 2.9\tex\latex\psnfss\ts1ptm.fd"
File: ts1ptm.fd 2001/06/04 font definitions for TS1/ptm.
) <NameLastName.PNG, id=166, 746.79pt x 490.08093pt>
File: NameLastName.PNG Graphic file (type png)
 <use NameLastName.PNG>
Package pdftex.def Info: NameLastName.PNG used on input line 235.
(pdftex.def)             Requested size: 746.78816pt x 490.07974pt.
File: NameLastName.PNG Graphic file (type png)

<use NameLastName.PNG>
Package pdftex.def Info: NameLastName.PNG used on input line 235.
(pdftex.def)             Requested size: 469.755pt x 308.27403pt.
 <Hours.PNG, id=167, 749.04843pt x 493.0922pt>
File: Hours.PNG Graphic file (type png)

<use Hours.PNG>
Package pdftex.def Info: Hours.PNG used on input line 239.
(pdftex.def)             Requested size: 749.0466pt x 493.09099pt.
File: Hours.PNG Graphic file (type png)
 <use Hours.PNG>
Package pdftex.def Info: Hours.PNG used on input line 239.
(pdftex.def)             Requested size: 469.755pt x 309.23521pt.
 [6 <C:/Users/admin_cent/Documents/Sphinx_Docs/build/LaTex/NameLastName.PNG>]
<Motivated.PNG, id=173, 742.27313pt x 490.08093pt>
File: Motivated.PNG Graphic file (type png)
 <use Motivated.PNG>
Package pdftex.def Info: Motivated.PNG used on input line 243.
(pdftex.def)             Requested size: 742.27133pt x 490.07974pt.
File: Motivated.PNG Graphic file (type png)

<use Motivated.PNG>
Package pdftex.def Info: Motivated.PNG used on input line 243.
(pdftex.def)             Requested size: 469.755pt x 310.1585pt.
 [7 <C:/Users/admin_cent/Documents/Sphinx_Docs/build/LaTex/Hours.PNG>] <Mood.PN
G, id=178, 740.0147pt x 490.08093pt>
File: Mood.PNG Graphic file (type png)
 <use Mood.PNG>
Package pdftex.def Info: Mood.PNG used on input line 247.
(pdftex.def)             Requested size: 740.0129pt x 490.07974pt.
File: Mood.PNG Graphic file (type png)

<use Mood.PNG>
Package pdftex.def Info: Mood.PNG used on input line 247.
(pdftex.def)             Requested size: 469.755pt x 311.10072pt.
 [8 <C:/Users/admin_cent/Documents/Sphinx_Docs/build/LaTex/Motivated.PNG> <C:/U
sers/admin_cent/Documents/Sphinx_Docs/build/LaTex/Mood.PNG>]
<Excited.PNG, id=183, 740.0147pt x 490.83376pt>
File: Excited.PNG Graphic file (type png)
 <use Excited.PNG>
Package pdftex.def Info: Excited.PNG used on input line 251.
(pdftex.def)             Requested size: 740.0129pt x 490.83255pt.
File: Excited.PNG Graphic file (type png)

<use Excited.PNG>
Package pdftex.def Info: Excited.PNG used on input line 251.
(pdftex.def)             Requested size: 469.755pt x 311.5786pt.

Overfull \hbox (94.245pt too wide) in paragraph at lines 258--259
[]\T1/pcr/m/n/10 My Documents\CENT\Patients\[OBFUSCATED_PATIENT_NAME]\session_[
DATESTAMP]\patient_condition.txt 
 []

<ScenarioGroup.PNG, id=186, 746.79pt x 496.10344pt>
File: ScenarioGroup.PNG Graphic file (type png)
 <use ScenarioGroup.PNG>
Package pdftex.def Info: ScenarioGroup.PNG used on input line 272.
(pdftex.def)             Requested size: 746.78816pt x 496.10222pt.
File: ScenarioGroup.PNG Graphic file (type png)

<use ScenarioGroup.PNG>
Package pdftex.def Info: ScenarioGroup.PNG used on input line 272.
(pdftex.def)             Requested size: 469.755pt x 312.06233pt.
 [9 <C:/Users/admin_cent/Documents/Sphinx_Docs/build/LaTex/Excited.PNG>] <Place
Electrodes.PNG, id=194, 745.28438pt x 491.58656pt>
File: PlaceElectrodes.PNG Graphic file (type png)

<use PlaceElectrodes.PNG>
Package pdftex.def Info: PlaceElectrodes.PNG used on input line 283.
(pdftex.def)             Requested size: 745.28256pt x 491.58536pt.
File: PlaceElectrodes.PNG Graphic file (type png)
 <use PlaceElectrodes.PNG>
Package pdftex.def Info: PlaceElectrodes.PNG used on input line 283.
(pdftex.def)             Requested size: 469.755pt x 309.84369pt.
 [10 <C:/Users/admin_cent/Documents/Sphinx_Docs/build/LaTex/ScenarioGroup.PNG>]

<BaseLine.PNG, id=200, 745.28438pt x 490.83376pt>
File: BaseLine.PNG Graphic file (type png)
 <use BaseLine.PNG>
Package pdftex.def Info: BaseLine.PNG used on input line 294.
(pdftex.def)             Requested size: 745.28256pt x 490.83255pt.
File: BaseLine.PNG Graphic file (type png)

<use BaseLine.PNG>
Package pdftex.def Info: BaseLine.PNG used on input line 294.
(pdftex.def)             Requested size: 469.755pt x 309.3692pt.
 [11 <C:/Users/admin_cent/Documents/Sphinx_Docs/build/LaTex/PlaceElectrodes.PNG
>] <BaseLine8Ch.PNG, id=206, 749.04843pt x 489.32813pt>
File: BaseLine8Ch.PNG Graphic file (type png)

<use BaseLine8Ch.PNG>
Package pdftex.def Info: BaseLine8Ch.PNG used on input line 298.
(pdftex.def)             Requested size: 749.0466pt x 489.32692pt.
File: BaseLine8Ch.PNG Graphic file (type png)
 <use BaseLine8Ch.PNG>
Package pdftex.def Info: BaseLine8Ch.PNG used on input line 298.
(pdftex.def)             Requested size: 469.755pt x 306.87463pt.
 [12 <C:/Users/admin_cent/Documents/Sphinx_Docs/build/LaTex/BaseLine.PNG> <C:/U
sers/admin_cent/Documents/Sphinx_Docs/build/LaTex/BaseLine8Ch.PNG>]
<BaseLineResults.PNG, id=211, 748.29562pt x 490.83376pt>
File: BaseLineResults.PNG Graphic file (type png)

<use BaseLineResults.PNG>
Package pdftex.def Info: BaseLineResults.PNG used on input line 306.
(pdftex.def)             Requested size: 748.2938pt x 490.83255pt.
File: BaseLineResults.PNG Graphic file (type png)
 <use BaseLineResults.PNG>
Package pdftex.def Info: BaseLineResults.PNG used on input line 306.
(pdftex.def)             Requested size: 469.755pt x 308.13342pt.

<ChooseGame.PNG, id=212, 747.54282pt x 493.845pt>
File: ChooseGame.PNG Graphic file (type png)
 <use ChooseGame.PNG>
Package pdftex.def Info: ChooseGame.PNG used on input line 313.
(pdftex.def)             Requested size: 747.541pt x 493.84378pt.
File: ChooseGame.PNG Graphic file (type png)

<use ChooseGame.PNG>
Package pdftex.def Info: ChooseGame.PNG used on input line 313.
(pdftex.def)             Requested size: 469.755pt x 310.33276pt.
 [13 <C:/Users/admin_cent/Documents/Sphinx_Docs/build/LaTex/BaseLineResults.PNG
>]
<PerformanceStatistics.PNG, id=218, 746.79pt x 492.33937pt>
File: PerformanceStatistics.PNG Graphic file (type png)

<use PerformanceStatistics.PNG>
Package pdftex.def Info: PerformanceStatistics.PNG used on input line 325.
(pdftex.def)             Requested size: 746.78816pt x 492.33815pt.
File: PerformanceStatistics.PNG Graphic file (type png)
 <use PerformanceStatistics.PNG>
Package pdftex.def Info: PerformanceStatistics.PNG used on input line 325.
(pdftex.def)             Requested size: 469.755pt x 309.69463pt.
 [14 <C:/Users/admin_cent/Documents/Sphinx_Docs/build/LaTex/ChooseGame.PNG>]
<SessionFeedback.PNG, id=225, 742.27313pt x 490.83376pt>
File: SessionFeedback.PNG Graphic file (type png)

<use SessionFeedback.PNG>
Package pdftex.def Info: SessionFeedback.PNG used on input line 332.
(pdftex.def)             Requested size: 742.27133pt x 490.83255pt.
File: SessionFeedback.PNG Graphic file (type png)
 <use SessionFeedback.PNG>
Package pdftex.def Info: SessionFeedback.PNG used on input line 332.
(pdftex.def)             Requested size: 469.755pt x 310.63492pt.
 [15 <C:/Users/admin_cent/Documents/Sphinx_Docs/build/LaTex/PerformanceStatisti
cs.PNG>]
<Evaluation.PNG, id=232, 745.28438pt x 492.33937pt>
File: Evaluation.PNG Graphic file (type png)
 <use Evaluation.PNG>
Package pdftex.def Info: Evaluation.PNG used on input line 339.
(pdftex.def)             Requested size: 745.28256pt x 492.33815pt.
File: Evaluation.PNG Graphic file (type png)

<use Evaluation.PNG>
Package pdftex.def Info: Evaluation.PNG used on input line 339.
(pdftex.def)             Requested size: 469.755pt x 310.31816pt.
 [16 <C:/Users/admin_cent/Documents/Sphinx_Docs/build/LaTex/SessionFeedback.PNG
>] <Evaluation2.PNG, id=238, 747.54282pt x 492.33937pt>
File: Evaluation2.PNG Graphic file (type png)

<use Evaluation2.PNG>
Package pdftex.def Info: Evaluation2.PNG used on input line 341.
(pdftex.def)             Requested size: 747.541pt x 492.33815pt.
File: Evaluation2.PNG Graphic file (type png)
 <use Evaluation2.PNG>
Package pdftex.def Info: Evaluation2.PNG used on input line 341.
(pdftex.def)             Requested size: 469.755pt x 309.38663pt.
 [17 <C:/Users/admin_cent/Documents/Sphinx_Docs/build/LaTex/Evaluation.PNG> <C:
/Users/admin_cent/Documents/Sphinx_Docs/build/LaTex/Evaluation2.PNG>]
<EndSession.PNG, id=243, 749.04843pt x 489.32813pt>
File: EndSession.PNG Graphic file (type png)
 <use EndSession.PNG>
Package pdftex.def Info: EndSession.PNG used on input line 348.
(pdftex.def)             Requested size: 749.0466pt x 489.32692pt.
File: EndSession.PNG Graphic file (type png)

<use EndSession.PNG>
Package pdftex.def Info: EndSession.PNG used on input line 348.
(pdftex.def)             Requested size: 469.755pt x 306.87463pt.

Overfull \hbox (21.64287pt too wide) in paragraph at lines 382--383
[]\T1/ptm/m/n/10 ``CENT_CURRENT_PATIENT''; - vari-able to Pa-tient's folder: \T
1/pcr/m/n/10 My Documents\CENT\Patients\[CUR_PAT] 
 []

[18 <C:/Users/admin_cent/Documents/Sphinx_Docs/build/LaTex/EndSession.PNG>]
Underfull \hbox (badness 10000) in paragraph at lines 385--386
[]\T1/ptm/m/n/10 ``CENT_CURRENT_SESSION''; - vari-able to Pa-tient's cur-rent s
es-sion folder: \T1/pcr/m/n/10 My
 []


Underfull \hbox (badness 10000) in paragraph at lines 388--389
[]\T1/ptm/m/n/10 ``CENT_CURRENT_GAME''; - vari-able to Pa-tient's cur-rent game
 folder: \T1/pcr/m/n/10 My
 []


Overfull \hbox (47.24503pt too wide) in paragraph at lines 388--389
\T1/pcr/m/n/10 Documents\CENT\Patients\CUR_PAT]\session_[DATESTAMP]\games\[GAME
_NAME]_[DATESTAMP] 
 []


Overfull \hbox (139.1322pt too wide) in paragraph at lines 391--392
[]\T1/ptm/m/n/10 ``CENT_SCENARIOS_HOME''; - vari-able to CENT sce-nar-ios: \T1/
pcr/m/n/10 [CENT_INSTALLED_FOLDER]\scenarios\[SCENARIO_GROUP_NAME] 
 []


Overfull \hbox (73.14233pt too wide) in paragraph at lines 401--402
\T1/ptm/m/n/10 All sce-nar-ios used by CENT ap-pli-ca-tion are stored in \T1/pc
r/m/n/10 [CENT_INSTALLED_FOLDER]\scenarios\[SCENARIO_GROUP_NAME]\T1/ptm/m/n/10 
. 
 []

<CentTerminateScenarioBoxes.png, id=250, 133.24782pt x 128.73094pt>
File: CentTerminateScenarioBoxes.png Graphic file (type png)

<use CentTerminateScenarioBoxes.png>
Package pdftex.def Info: CentTerminateScenarioBoxes.png used on input line 425.

(pdftex.def)             Requested size: 133.24748pt x 128.7306pt.
File: CentTerminateScenarioBoxes.png Graphic file (type png)
 <use CentTerminateScenarioBoxes.png>
Package pdftex.def Info: CentTerminateScenarioBoxes.png used on input line 425.

(pdftex.def)             Requested size: 133.24748pt x 128.7306pt.

<OVCentVRPNClientConf.png, id=251, 436.63126pt x 154.32657pt>
File: OVCentVRPNClientConf.png Graphic file (type png)

<use OVCentVRPNClientConf.png>
Package pdftex.def Info: OVCentVRPNClientConf.png used on input line 429.
(pdftex.def)             Requested size: 436.63019pt x 154.32617pt.
File: OVCentVRPNClientConf.png Graphic file (type png)
 <use OVCentVRPNClientConf.png>
Package pdftex.def Info: OVCentVRPNClientConf.png used on input line 429.
(pdftex.def)             Requested size: 436.63019pt x 154.32617pt.

<OVTerminateScenarioConf.png, id=252, 436.63126pt x 132.495pt>
File: OVTerminateScenarioConf.png Graphic file (type png)

<use OVTerminateScenarioConf.png>
Package pdftex.def Info: OVTerminateScenarioConf.png used on input line 431.
(pdftex.def)             Requested size: 436.63019pt x 132.49466pt.
 [19 <C:/Users/admin_cent/Documents/Sphinx_Docs/build/LaTex/CentTerminateScenar
ioBoxes.png>]
File: OVTerminateScenarioConf.png Graphic file (type png)

<use OVTerminateScenarioConf.png>
Package pdftex.def Info: OVTerminateScenarioConf.png used on input line 431.
(pdftex.def)             Requested size: 436.63019pt x 132.49466pt.
LaTeX Font Info:    Font shape `T1/phv/bx/n' in size <9> not available
(Font)              Font shape `T1/phv/b/n' tried instead on input line 434.

Overfull \hbox (263.40761pt too wide) in paragraph at lines 436--436
[]
 []


Underfull \hbox (badness 10000) in paragraph at lines 436--436

 []

<OVBaselineVRPNClientConf.png, id=265, 436.63126pt x 204.01219pt>
File: OVBaselineVRPNClientConf.png Graphic file (type png)

<use OVBaselineVRPNClientConf.png>
Package pdftex.def Info: OVBaselineVRPNClientConf.png used on input line 468.
(pdftex.def)             Requested size: 436.63019pt x 204.01169pt.
File: OVBaselineVRPNClientConf.png Graphic file (type png)
 <use OVBaselineVRPNClientConf.png>
Package pdftex.def Info: OVBaselineVRPNClientConf.png used on input line 468.
(pdftex.def)             Requested size: 436.63019pt x 204.01169pt.
 [20 <C:/Users/admin_cent/Documents/Sphinx_Docs/build/LaTex/OVCentVRPNClientCon
f.png> <C:/Users/admin_cent/Documents/Sphinx_Docs/build/LaTex/OVTerminateScenar
ioConf.png>]
Underfull \hbox (badness 10000) in paragraph at lines 473--474
[]\T1/ptm/m/n/10 This one has to cre-ate two files used by next sce-nario. Thes
e file are
 []


Overfull \hbox (0.98499pt too wide) in paragraph at lines 473--474
\T1/pcr/m/n/10 [{CENT_CURRENT_SESSION}]\betabase.cfg \T1/ptm/m/n/10 and \T1/pcr
/m/n/10 [{CENT_CURRENT_SESSION}]\thetabase.cfg\T1/ptm/m/n/10 . 
 []

<OVCENTControlStreamConf.png, id=277, 445.665pt x 201.00093pt>
File: OVCENTControlStreamConf.png Graphic file (type png)

<use OVCENTControlStreamConf.png>
Package pdftex.def Info: OVCENTControlStreamConf.png used on input line 480.
(pdftex.def)             Requested size: 445.66391pt x 201.00043pt.
File: OVCENTControlStreamConf.png Graphic file (type png)
 <use OVCENTControlStreamConf.png>
Package pdftex.def Info: OVCENTControlStreamConf.png used on input line 480.
(pdftex.def)             Requested size: 445.66391pt x 201.00043pt.
LaTeX Font Info:    Font shape `T1/pcr/m/it' in size <9> not available
(Font)              Font shape `T1/pcr/m/sl' tried instead on input line 489.
LaTeX Font Info:    Font shape `T1/pcr/bx/n' in size <9> not available
(Font)              Font shape `T1/pcr/b/n' tried instead on input line 490.
 [21 <C:/Users/admin_cent/Documents/Sphinx_Docs/build/LaTex/OVBaselineVRPNClien
tConf.png> <C:/Users/admin_cent/Documents/Sphinx_Docs/build/LaTex/OVCENTControl
StreamConf.png>]
Overfull \hbox (230.80832pt too wide) in paragraph at lines 535--535
[]
 []


Underfull \hbox (badness 10000) in paragraph at lines 535--535

 []

<LiveEEGWith8Channels.png, id=286, 219.06844pt x 233.37187pt>
File: LiveEEGWith8Channels.png Graphic file (type png)

<use LiveEEGWith8Channels.png>
Package pdftex.def Info: LiveEEGWith8Channels.png used on input line 559.
(pdftex.def)             Requested size: 219.06789pt x 233.37129pt.
 [22]
File: LiveEEGWith8Channels.png Graphic file (type png)
 <use LiveEEGWith8Channels.png>
Package pdftex.def Info: LiveEEGWith8Channels.png used on input line 559.
(pdftex.def)             Requested size: 219.06789pt x 233.37129pt.

<OpenvibeDesinger.PNG, id=297, 1380.15625pt x 833.1125pt>
File: OpenvibeDesinger.PNG Graphic file (type png)

<use OpenvibeDesinger.PNG>
Package pdftex.def Info: OpenvibeDesinger.PNG used on input line 566.
(pdftex.def)             Requested size: 1380.1529pt x 833.11047pt.
File: OpenvibeDesinger.PNG Graphic file (type png)
 <use OpenvibeDesinger.PNG>
Package pdftex.def Info: OpenvibeDesinger.PNG used on input line 566.
(pdftex.def)             Requested size: 469.755pt x 283.5596pt.
 [23 <C:/Users/admin_cent/Documents/Sphinx_Docs/build/LaTex/LiveEEGWith8Channel
s.png>]
LaTeX Font Info:    Try loading font information for TS1+phv on input line 572.


("C:\Program Files (x86)\MiKTeX 2.9\tex\latex\psnfss\ts1phv.fd"
File: ts1phv.fd 2001/06/04 scalable font definitions for TS1/phv.
)
LaTeX Font Info:    Font shape `TS1/phv/bx/n' in size <12> not available
(Font)              Font shape `TS1/phv/b/n' tried instead on input line 572.
 [24 <C:/Users/admin_cent/Documents/Sphinx_Docs/build/LaTex/OpenvibeDesinger.PN
G>]
<SigViewer.PNG, id=314, 1371.1225pt x 730.73pt>
File: SigViewer.PNG Graphic file (type png)
 <use SigViewer.PNG>
Package pdftex.def Info: SigViewer.PNG used on input line 606.
(pdftex.def)             Requested size: 1371.11916pt x 730.72821pt.
File: SigViewer.PNG Graphic file (type png)

<use SigViewer.PNG>
Package pdftex.def Info: SigViewer.PNG used on input line 606.
(pdftex.def)             Requested size: 469.755pt x 250.35156pt.
 [25 <C:/Users/admin_cent/Documents/Sphinx_Docs/build/LaTex/SigViewer.PNG (PNG 
copy)>]
<AdjustedSessionScores.png, id=321, 578.6418pt x 434.1018pt>
File: AdjustedSessionScores.png Graphic file (type png)

<use AdjustedSessionScores.png>
Package pdftex.def Info: AdjustedSessionScores.png used on input line 641.
(pdftex.def)             Requested size: 578.64038pt x 434.10075pt.
File: AdjustedSessionScores.png Graphic file (type png)
 <use AdjustedSessionScores.png>
Package pdftex.def Info: AdjustedSessionScores.png used on input line 641.
(pdftex.def)             Requested size: 469.755pt x 352.42203pt.
 [26]
Overfull \hbox (75.40025pt too wide) in paragraph at lines 643--645
[]
 []

[27 <C:/Users/admin_cent/Documents/Sphinx_Docs/build/LaTex/AdjustedSessionScore
s.png (PNG copy)>] [28

]
Chapter 2.
[29]
Underfull \hbox (badness 7047) in paragraph at lines 727--728
[]\T1/ptm/b/n/10 CENT_SDK \T1/ptm/m/n/10 - di-rec-tory where You have checked o
ut/unpacked the SDK for CENT: this is
 []


Overfull \hbox (15.99362pt too wide) in paragraph at lines 739--740
[]\T1/ptm/b/n/10 QMAKESPEC \T1/ptm/m/n/10 - in our build \T1/pcr/m/n/10 C:\QtSD
K\Desktop\Qt\4.7.3\msvc2008\mkspecs\win32-msvc2010 
 []

[30]
Underfull \hbox (badness 10000) in paragraph at lines 875--876

 []


Overfull \hbox (6.24506pt too wide) in paragraph at lines 903--904
[]\T1/pcr/m/n/10 mklink /D /J cent ..\..\..\..\EnobioAcquisitionServer\Acquisit
ionServer 
 []

[31]
Underfull \hbox (badness 10000) in paragraph at lines 935--936

 []


Underfull \hbox (badness 10000) in paragraph at lines 954--955

 []


Overfull \hbox (73.19186pt too wide) in paragraph at lines 964--966
[]\T1/ptm/m/n/10 The fi-nal step is to run a script to build the CENT in-stalle
r: \T1/pcr/m/n/10 CENTSources/cent/CENTSystem/build/create_package.bat 
 []

[32] <SimpleBallGame.PNG, id=386, 747.54282pt x 492.33937pt>
File: SimpleBallGame.PNG Graphic file (type png)

<use SimpleBallGame.PNG>
Package pdftex.def Info: SimpleBallGame.PNG used on input line 982.
(pdftex.def)             Requested size: 747.541pt x 492.33815pt.
File: SimpleBallGame.PNG Graphic file (type png)
 <use SimpleBallGame.PNG>
Package pdftex.def Info: SimpleBallGame.PNG used on input line 982.
(pdftex.def)             Requested size: 469.755pt x 309.38663pt.

<EmptyBallGame.PNG, id=387, 746.79pt x 492.33937pt>
File: EmptyBallGame.PNG Graphic file (type png)
 <use EmptyBallGame.PNG>
Package pdftex.def Info: EmptyBallGame.PNG used on input line 989.
(pdftex.def)             Requested size: 746.78816pt x 492.33815pt.
File: EmptyBallGame.PNG Graphic file (type png)

<use EmptyBallGame.PNG>
Package pdftex.def Info: EmptyBallGame.PNG used on input line 989.
(pdftex.def)             Requested size: 469.755pt x 309.69463pt.
 [33 <C:/Users/admin_cent/Documents/Sphinx_Docs/build/LaTex/SimpleBallGame.PNG>
] <MediaGame.PNG, id=396, 750.55406pt x 491.58656pt>
File: MediaGame.PNG Graphic file (type png)

<use MediaGame.PNG>
Package pdftex.def Info: MediaGame.PNG used on input line 996.
(pdftex.def)             Requested size: 750.55223pt x 491.58536pt.
File: MediaGame.PNG Graphic file (type png)
 <use MediaGame.PNG>
Package pdftex.def Info: MediaGame.PNG used on input line 996.
(pdftex.def)             Requested size: 469.755pt x 307.6759pt.
 [34 <C:/Users/admin_cent/Documents/Sphinx_Docs/build/LaTex/EmptyBallGame.PNG>]

<MediaGameObfuscationAndAlpha.PNG, id=402, 746.79pt x 487.06969pt>
File: MediaGameObfuscationAndAlpha.PNG Graphic file (type png)

<use MediaGameObfuscationAndAlpha.PNG>
Package pdftex.def Info: MediaGameObfuscationAndAlpha.PNG used on input line 10
19.
(pdftex.def)             Requested size: 746.78816pt x 487.06848pt.
File: MediaGameObfuscationAndAlpha.PNG Graphic file (type png)
 <use MediaGameObfuscationAndAlpha.PNG>
Package pdftex.def Info: MediaGameObfuscationAndAlpha.PNG used on input line 10
19.
(pdftex.def)             Requested size: 469.755pt x 306.37987pt.

[35 <C:/Users/admin_cent/Documents/Sphinx_Docs/build/LaTex/MediaGame.PNG>]
<MediaGameSettings.PNG, id=409, 740.7675pt x 484.81125pt>
File: MediaGameSettings.PNG Graphic file (type png)

<use MediaGameSettings.PNG>
Package pdftex.def Info: MediaGameSettings.PNG used on input line 1027.
(pdftex.def)             Requested size: 740.76569pt x 484.81006pt.
File: MediaGameSettings.PNG Graphic file (type png)
 <use MediaGameSettings.PNG>
Package pdftex.def Info: MediaGameSettings.PNG used on input line 1027.
(pdftex.def)             Requested size: 469.755pt x 307.44485pt.
 [36 <C:/Users/admin_cent/Documents/Sphinx_Docs/build/LaTex/MediaGameObfuscatio
nAndAlpha.PNG> <C:/Users/admin_cent/Documents/Sphinx_Docs/build/LaTex/MediaGame
Settings.PNG>]
<MediaGameBlankMode.PNG, id=415, 745.28438pt x 484.81125pt>
File: MediaGameBlankMode.PNG Graphic file (type png)

<use MediaGameBlankMode.PNG>
Package pdftex.def Info: MediaGameBlankMode.PNG used on input line 1043.
(pdftex.def)             Requested size: 745.28256pt x 484.81006pt.
File: MediaGameBlankMode.PNG Graphic file (type png)
 <use MediaGameBlankMode.PNG>
Package pdftex.def Info: MediaGameBlankMode.PNG used on input line 1043.
(pdftex.def)             Requested size: 469.755pt x 305.57326pt.

<Astrocomet.PNG, id=416, 762.59906pt x 761.84625pt>
File: Astrocomet.PNG Graphic file (type png)
 <use Astrocomet.PNG>
Package pdftex.def Info: Astrocomet.PNG used on input line 1068.
(pdftex.def)             Requested size: 762.5972pt x 761.84439pt.
File: Astrocomet.PNG Graphic file (type png)

<use Astrocomet.PNG>
Package pdftex.def Info: Astrocomet.PNG used on input line 1068.
(pdftex.def)             Requested size: 469.755pt x 469.28247pt.
 [37 <C:/Users/admin_cent/Documents/Sphinx_Docs/build/LaTex/MediaGameBlankMode.
PNG>]
Overfull \hbox (54.24506pt too wide) in paragraph at lines 1081--1082
[]\T1/pcr/m/n/10 My Documents\CENT\Patients\[OBFUSCATED_PATIENT_NAME]\session_[
DATESTAMP]\games\ 
 []

[38 <C:/Users/admin_cent/Documents/Sphinx_Docs/build/LaTex/Astrocomet.PNG>]
[39] [40]
Underfull \vbox (badness 10000) detected at line 1289
 []


Underfull \vbox (badness 10000) detected at line 1289
 []

[41]
Underfull \hbox (badness 10000) in paragraph at lines 1300--1301
\T1/ptm/m/n/10 Copy game's \T1/ptm/m/it/10 DLL \T1/ptm/m/n/10 file to \T1/pcr/m
/n/10 CENT\plugins \T1/ptm/m/n/10 di-rec-tory. You can also add game tu-to-rial
 to
 []

[42] [43] [44

]
Chapter 3.

Underfull \hbox (badness 5622) in paragraph at lines 1375--1376
[]\T1/ptm/m/n/10 Unzip ev-ery-thing the pack-age con-tains to \T1/pcr/m/n/10 C:
\CENT\T1/ptm/m/n/10 . From now on we'll re-fer to the folder
 []


Underfull \hbox (badness 10000) in paragraph at lines 1381--1382
[]\T1/ptm/m/n/10 Add Qt bi-na-ries di-rec-tory \T1/pcr/m/n/10 C:\QtSDK\Desktop\
Qt\4.7.x\msvc2008\bin \T1/ptm/m/n/10 and vi-sual
 []


Underfull \hbox (badness 6188) in paragraph at lines 1381--1382
\T1/ptm/m/n/10 stu-dio bi-nary di-rec-tory e.g. \T1/pcr/m/n/10 C:\Program Files
 (x86)\Microsoft Visual Studio
 []


Underfull \hbox (badness 10000) in paragraph at lines 1384--1385
[]\T1/ptm/m/n/10 Add \T1/ptm/b/n/10 QMAKE-SPEC \T1/ptm/m/n/10 en-vi-ron-ment va
ri-able for the rel-e-vant \T1/ptm/m/it/10 qmake.conf \T1/ptm/m/n/10 e.g.
 []

[45] [46]
Overfull \hbox (31.24503pt too wide) in paragraph at lines 1504--1505
[]\T1/pcr/m/n/10 HKEY_LOCAL_MACHINE\SOFTWARE\Wow6432Node\CENT\Settings\OpenVibe
InstallDir 
 []

LaTeX Font Info:    Font shape `T1/pcr/bx/n' in size <10> not available
(Font)              Font shape `T1/pcr/b/n' tried instead on input line 1529.
[47]
LaTeX Font Info:    Font shape `T1/ptm/bx/it' in size <10> not available
(Font)              Font shape `T1/ptm/b/it' tried instead on input line 1553.

Overfull \hbox (38.76335pt too wide) in paragraph at lines 1579--1579
[]
 []


Underfull \hbox (badness 10000) in paragraph at lines 1579--1579

 []


Underfull \hbox (badness 10000) in paragraph at lines 1638--1642
[]
 []


Underfull \hbox (badness 10000) in paragraph at lines 1638--1642

 []

[48] [49] [50] [51]
Overfull \hbox (15.05385pt too wide) in paragraph at lines 1929--1929
[]
 []


Underfull \hbox (badness 10000) in paragraph at lines 1929--1929

 []

[52]
Overfull \hbox (16.01097pt too wide) in paragraph at lines 1985--1985
[]
 []


Underfull \hbox (badness 10000) in paragraph at lines 1985--1985

 []

[53] [54]
Chapter 4.

Overfull \hbox (20.89362pt too wide) in paragraph at lines 2116--2117
[]\T1/ptm/m/n/10 I've left a tem-plate to work with in \T1/pcr/m/n/10 C:\CENT\c
ent_games\MusicPlayerPlugin\MusicPlayerPlugind.sln
 []

[55

]
Underfull \hbox (badness 10000) in paragraph at lines 2141--2142

 []

[56]
Overfull \hbox (12.78087pt too wide) in paragraph at lines 2190--2190
[]
 []


Underfull \hbox (badness 10000) in paragraph at lines 2190--2190

 []

[57] [58

]
Chapter 5.
[59]
No file CENTSystem.ind.
Package atveryend Info: Empty hook `BeforeClearDocument' on input line 2294.
[60]
Package atveryend Info: Empty hook `AfterLastShipout' on input line 2294.
 (C:\Users\admin_cent\Documents\Sphinx_Docs\build\LaTex\CENTSystem.aux)
Package atveryend Info: Executing hook `AtVeryEndDocument' on input line 2294.
Package atveryend Info: Executing hook `AtEndAfterFileList' on input line 2294.

Package rerunfilecheck Info: File `CENTSystem.out' has not changed.
(rerunfilecheck)             Checksum: 545CCB87F598C55B805ABE04739C8144;1431.
Package atveryend Info: Empty hook `AtVeryVeryEnd' on input line 2294.
 ) 
Here is how much of TeX's memory you used:
 9285 strings out of 494045
 131736 string characters out of 3145955
 233538 words of memory out of 3000000
 12121 multiletter control sequences out of 15000+200000
 67303 words of font info for 75 fonts, out of 3000000 for 9000
 716 hyphenation exceptions out of 8191
 36i,12n,49p,1242b,630s stack positions out of 5000i,500n,10000p,200000b,50000s
{C:/Program Files (x86)/MiKTeX 2.9/fonts/enc/dvips/fontname/8r.enc}<C:/Progra
m Files (x86)/MiKTeX 2.9/fonts/type1/urw/courier/ucrb8a.pfb><C:/Program Files (
x86)/MiKTeX 2.9/fonts/type1/urw/courier/ucrr8a.pfb><C:/Program Files (x86)/MiKT
eX 2.9/fonts/type1/urw/courier/ucrro8a.pfb><C:/Program Files (x86)/MiKTeX 2.9/f
onts/type1/urw/helvetic/uhvb8a.pfb><C:/Program Files (x86)/MiKTeX 2.9/fonts/typ
e1/urw/helvetic/uhvbo8a.pfb><C:/Program Files (x86)/MiKTeX 2.9/fonts/type1/urw/
times/utmb8a.pfb><C:/Program Files (x86)/MiKTeX 2.9/fonts/type1/urw/times/utmbi
8a.pfb><C:/Program Files (x86)/MiKTeX 2.9/fonts/type1/urw/times/utmr8a.pfb><C:/
Program Files (x86)/MiKTeX 2.9/fonts/type1/urw/times/utmri8a.pfb>
Output written on CENTSystem.pdf (64 pages, 6415078 bytes).
PDF statistics:
 704 PDF objects out of 1000 (max. 8388607)
 236 named destinations out of 1000 (max. 500000)
 351 words of extra memory for PDF output out of 10000 (max. 10000000)

