\BOOKMARK [0][-]{chapter.1}{CENT Application - User's Documentation}{}% 1
\BOOKMARK [1][-]{section.1.1}{System Overview}{chapter.1}% 2
\BOOKMARK [1][-]{section.1.2}{OpenViBE as a Digital Signal Processor in CENT}{chapter.1}% 3
\BOOKMARK [1][-]{section.1.3}{Supported EEG Devices}{chapter.1}% 4
\BOOKMARK [1][-]{section.1.4}{How Acquisition Server collect samples}{chapter.1}% 5
\BOOKMARK [1][-]{section.1.5}{Patient data storage}{chapter.1}% 6
\BOOKMARK [1][-]{section.1.6}{Added Functionality for Trainers}{chapter.1}% 7
\BOOKMARK [0][-]{chapter.2}{CENT Application - Developer's Documentation}{}% 8
\BOOKMARK [1][-]{section.2.1}{CENT ZIP Packages}{chapter.2}% 9
\BOOKMARK [1][-]{section.2.2}{Development Environment Setup}{chapter.2}% 10
\BOOKMARK [1][-]{section.2.3}{Build Instructions}{chapter.2}% 11
\BOOKMARK [1][-]{section.2.4}{CENT Games Development}{chapter.2}% 12
\BOOKMARK [1][-]{section.2.5}{EEG Cap Drivers Development}{chapter.2}% 13
\BOOKMARK [0][-]{chapter.3}{Appendix A}{}% 14
\BOOKMARK [1][-]{section.3.1}{Building CENT Application - End User's Notes}{chapter.3}% 15
\BOOKMARK [0][-]{chapter.4}{Appendix B}{}% 16
\BOOKMARK [1][-]{section.4.1}{Developing for CENT - End User's Notes}{chapter.4}% 17
\BOOKMARK [1][-]{section.4.2}{Launcher Add-on Log}{chapter.4}% 18
\BOOKMARK [0][-]{chapter.5}{Appendix C}{}% 19
\BOOKMARK [1][-]{section.5.1}{General Notes on CENT Machines of HY}{chapter.5}% 20
